#
# There is insufficient memory for the Java Runtime Environment to continue.
# Native memory allocation (malloc) failed to allocate 1369648 bytes. Error detail: Chunk::new
# Possible reasons:
#   The system is out of physical RAM or swap space
#   This process is running with CompressedOops enabled, and the Java Heap may be blocking the growth of the native heap
# Possible solutions:
#   Reduce memory load on the system
#   Increase physical memory or swap space
#   Check if swap backing store is full
#   Decrease Java heap size (-Xmx/-Xms)
#   Decrease number of Java threads
#   Decrease Java thread stack sizes (-Xss)
#   Set larger code cache with -XX:ReservedCodeCacheSize=
#   JVM is running with Unscaled Compressed Oops mode in which the Java heap is
#     placed in the first 4GB address space. The Java Heap base address is the
#     maximum limit for the native heap growth. Please use -XX:HeapBaseMinAddress
#     to set the Java Heap base and to place the Java Heap above 4GB virtual address.
# This output file may be truncated or incomplete.
#
#  Out of Memory Error (arena.cpp:168), pid=3632, tid=13024
#
# JRE version: OpenJDK Runtime Environment Temurin-21.0.7+6 (21.0.7+6) (build 21.0.7+6-LTS)
# Java VM: OpenJDK 64-Bit Server VM Temurin-21.0.7+6 (21.0.7+6-LTS, mixed mode, sharing, tiered, compressed oops, compressed class ptrs, parallel gc, windows-amd64)
# No core dump will be written. Minidumps are not enabled by default on client versions of Windows
#

---------------  S U M M A R Y ------------

Command Line: --add-modules=ALL-SYSTEM --add-opens=java.base/java.util=ALL-UNNAMED --add-opens=java.base/java.lang=ALL-UNNAMED --add-opens=java.base/sun.nio.fs=ALL-UNNAMED -Declipse.application=org.eclipse.jdt.ls.core.id1 -Dosgi.bundles.defaultStartLevel=4 -Declipse.product=org.eclipse.jdt.ls.core.product -Djava.import.generatesMetadataFilesAtProjectRoot=false -DDetectVMInstallationsJob.disabled=true -Dfile.encoding=utf8 -XX:+UseParallelGC -XX:GCTimeRatio=4 -XX:AdaptiveSizePolicyWeight=90 -Dsun.zip.disableMemoryMapping=true -Xmx1G -Xms100m -Xlog:disable -javaagent:c:\Users\jimmy\.vscode\extensions\redhat.java-1.42.0-win32-x64\lombok\lombok-1.18.36.jar c:\Users\jimmy\.vscode\extensions\redhat.java-1.42.0-win32-x64\server\plugins\org.eclipse.equinox.launcher_1.7.0.v20250424-1814.jar -configuration c:\Users\jimmy\AppData\Roaming\Code\User\globalStorage\redhat.java\1.42.0\config_ss_win -data c:\Users\jimmy\AppData\Roaming\Code\User\workspaceStorage\61b1dc7027269e0dc9cdc59d31b0aa0c\redhat.java\ss_ws --pipe=\\.\pipe\lsp-4b42adce26a159bc65fd0274ec6fa9c9-sock

Host: Intel(R) Core(TM) i5-10300H CPU @ 2.50GHz, 8 cores, 7G,  Windows 10 , 64 bit Build 19041 (10.0.19041.3636)
Time: Sun May 25 09:54:02 2025  Windows 10 , 64 bit Build 19041 (10.0.19041.3636) elapsed time: 620.689380 seconds (0d 0h 10m 20s)

---------------  T H R E A D  ---------------

Current thread (0x000001b012a3e8a0):  JavaThread "C2 CompilerThread1" daemon [_thread_in_native, id=13024, stack(0x0000001d22300000,0x0000001d22400000) (1024K)]


Current CompileTask:
C2:620689 16095       4       org.eclipse.jdt.internal.compiler.lookup.TypeSystem::getParameterizedType (258 bytes)

Stack: [0x0000001d22300000,0x0000001d22400000]
Native frames: (J=compiled Java code, j=interpreted, Vv=VM code, C=native code)
V  [jvm.dll+0x6ce119]
V  [jvm.dll+0x8a84a1]
V  [jvm.dll+0x8aa9ce]
V  [jvm.dll+0x8ab0b3]
V  [jvm.dll+0x27f8a6]
V  [jvm.dll+0xc507d]
V  [jvm.dll+0xc55b3]
V  [jvm.dll+0x3b692c]
V  [jvm.dll+0x1dfe33]
V  [jvm.dll+0x247c42]
V  [jvm.dll+0x2470cf]
V  [jvm.dll+0x1c760e]
V  [jvm.dll+0x25695a]
V  [jvm.dll+0x254efa]
V  [jvm.dll+0x3f03f6]
V  [jvm.dll+0x851f6b]
V  [jvm.dll+0x6cc7dd]
C  [ucrtbase.dll+0x21bb2]
C  [KERNEL32.DLL+0x17344]
C  [ntdll.dll+0x526b1]


---------------  P R O C E S S  ---------------

Threads class SMR info:
_java_thread_list=0x000001b0132ba690, length=43, elements={
0x000001afab2f37f0, 0x000001afbf6a1fe0, 0x000001afbf6a3840, 0x000001afbf6a5320,
0x000001afbf6a8140, 0x000001afbf6aa800, 0x000001afbf6ab9f0, 0x000001afbf6b2fd0,
0x000001afbf6b4460, 0x000001b00218d550, 0x000001b00234b9b0, 0x000001b002aa55a0,
0x000001b002be5fe0, 0x000001b002be0580, 0x000001b00708ed90, 0x000001b007127750,
0x000001b0082f4790, 0x000001b007bd2440, 0x000001b007bd1720, 0x000001b007bd1db0,
0x000001b007bd1090, 0x000001b007bd0a00, 0x000001b007bd2ad0, 0x000001b007bd0370,
0x000001b007bd37f0, 0x000001b008047c40, 0x000001b008044e50, 0x000001b008042d80,
0x000001b008043410, 0x000001b008043aa0, 0x000001b008044130, 0x000001b0080475b0,
0x000001b0027c0400, 0x000001b0027c7390, 0x000001b0027c17b0, 0x000001b0027c1e40,
0x000001b0027c2b60, 0x000001b0027c3f10, 0x000001b0027c4c30, 0x000001b0080447c0,
0x000001b0080454e0, 0x000001b007db27a0, 0x000001b012a3e8a0
}

Java Threads: ( => current thread )
  0x000001afab2f37f0 JavaThread "main"                              [_thread_blocked, id=7328, stack(0x0000001d1f200000,0x0000001d1f300000) (1024K)]
  0x000001afbf6a1fe0 JavaThread "Reference Handler"          daemon [_thread_blocked, id=17276, stack(0x0000001d1f600000,0x0000001d1f700000) (1024K)]
  0x000001afbf6a3840 JavaThread "Finalizer"                  daemon [_thread_blocked, id=16668, stack(0x0000001d1f700000,0x0000001d1f800000) (1024K)]
  0x000001afbf6a5320 JavaThread "Signal Dispatcher"          daemon [_thread_blocked, id=10716, stack(0x0000001d1f800000,0x0000001d1f900000) (1024K)]
  0x000001afbf6a8140 JavaThread "Attach Listener"            daemon [_thread_blocked, id=6224, stack(0x0000001d1f900000,0x0000001d1fa00000) (1024K)]
  0x000001afbf6aa800 JavaThread "Service Thread"             daemon [_thread_blocked, id=17068, stack(0x0000001d1fa00000,0x0000001d1fb00000) (1024K)]
  0x000001afbf6ab9f0 JavaThread "Monitor Deflation Thread"   daemon [_thread_blocked, id=17048, stack(0x0000001d1fb00000,0x0000001d1fc00000) (1024K)]
  0x000001afbf6b2fd0 JavaThread "C2 CompilerThread0"         daemon [_thread_in_native, id=920, stack(0x0000001d1fc00000,0x0000001d1fd00000) (1024K)]
  0x000001afbf6b4460 JavaThread "C1 CompilerThread0"         daemon [_thread_blocked, id=15140, stack(0x0000001d1fd00000,0x0000001d1fe00000) (1024K)]
  0x000001b00218d550 JavaThread "Common-Cleaner"             daemon [_thread_blocked, id=10508, stack(0x0000001d1fe00000,0x0000001d1ff00000) (1024K)]
  0x000001b00234b9b0 JavaThread "Notification Thread"        daemon [_thread_blocked, id=13484, stack(0x0000001d20000000,0x0000001d20100000) (1024K)]
  0x000001b002aa55a0 JavaThread "Active Thread: Equinox Container: cea01ced-a71d-4a4d-8fd3-8c1fe4db9c5f"        [_thread_blocked, id=3428, stack(0x0000001d20800000,0x0000001d20900000) (1024K)]
  0x000001b002be5fe0 JavaThread "Framework Event Dispatcher: Equinox Container: cea01ced-a71d-4a4d-8fd3-8c1fe4db9c5f" daemon [_thread_blocked, id=5640, stack(0x0000001d20100000,0x0000001d20200000) (1024K)]
  0x000001b002be0580 JavaThread "Start Level: Equinox Container: cea01ced-a71d-4a4d-8fd3-8c1fe4db9c5f" daemon [_thread_blocked, id=16248, stack(0x0000001d20900000,0x0000001d20a00000) (1024K)]
  0x000001b00708ed90 JavaThread "SCR Component Actor"        daemon [_thread_blocked, id=15736, stack(0x0000001d20b00000,0x0000001d20c00000) (1024K)]
  0x000001b007127750 JavaThread "Worker-JM"                         [_thread_blocked, id=4568, stack(0x0000001d20e00000,0x0000001d20f00000) (1024K)]
  0x000001b0082f4790 JavaThread "JNA Cleaner"                daemon [_thread_blocked, id=7532, stack(0x0000001d20f00000,0x0000001d21000000) (1024K)]
  0x000001b007bd2440 JavaThread "Worker-2"                          [_thread_blocked, id=12808, stack(0x0000001d21200000,0x0000001d21300000) (1024K)]
  0x000001b007bd1720 JavaThread "Thread-2"                   daemon [_thread_in_native, id=13100, stack(0x0000001d21300000,0x0000001d21400000) (1024K)]
  0x000001b007bd1db0 JavaThread "Thread-3"                   daemon [_thread_in_native, id=5168, stack(0x0000001d21400000,0x0000001d21500000) (1024K)]
  0x000001b007bd1090 JavaThread "Thread-4"                   daemon [_thread_in_native, id=15456, stack(0x0000001d21500000,0x0000001d21600000) (1024K)]
  0x000001b007bd0a00 JavaThread "Thread-5"                   daemon [_thread_in_native, id=11812, stack(0x0000001d21600000,0x0000001d21700000) (1024K)]
  0x000001b007bd2ad0 JavaThread "Thread-6"                   daemon [_thread_in_native, id=10912, stack(0x0000001d21700000,0x0000001d21800000) (1024K)]
  0x000001b007bd0370 JavaThread "Thread-7"                   daemon [_thread_in_native, id=15356, stack(0x0000001d21800000,0x0000001d21900000) (1024K)]
  0x000001b007bd37f0 JavaThread "Thread-8"                   daemon [_thread_in_native, id=1808, stack(0x0000001d21900000,0x0000001d21a00000) (1024K)]
  0x000001b008047c40 JavaThread "Thread-9"                   daemon [_thread_in_native, id=892, stack(0x0000001d21a00000,0x0000001d21b00000) (1024K)]
  0x000001b008044e50 JavaThread "Thread-10"                  daemon [_thread_in_native, id=8444, stack(0x0000001d21b00000,0x0000001d21c00000) (1024K)]
  0x000001b008042d80 JavaThread "pool-2-thread-1"                   [_thread_blocked, id=11560, stack(0x0000001d21c00000,0x0000001d21d00000) (1024K)]
  0x000001b008043410 JavaThread "WorkspaceEventsHandler"            [_thread_blocked, id=15056, stack(0x0000001d21d00000,0x0000001d21e00000) (1024K)]
  0x000001b008043aa0 JavaThread "pool-1-thread-1"                   [_thread_blocked, id=8848, stack(0x0000001d21e00000,0x0000001d21f00000) (1024K)]
  0x000001b008044130 JavaThread "ForkJoinPool.commonPool-worker-1" daemon [_thread_blocked, id=12676, stack(0x0000001d1f100000,0x0000001d1f200000) (1024K)]
  0x000001b0080475b0 JavaThread "ForkJoinPool.commonPool-worker-4" daemon [_thread_blocked, id=10324, stack(0x0000001d20d00000,0x0000001d20e00000) (1024K)]
  0x000001b0027c0400 JavaThread "ForkJoinPool.commonPool-worker-5" daemon [_thread_blocked, id=8780, stack(0x0000001d1f000000,0x0000001d1f100000) (1024K)]
  0x000001b0027c7390 JavaThread "Worker-4: Building"                [_thread_in_native, id=2500, stack(0x0000001d1ef00000,0x0000001d1f000000) (1024K)]
  0x000001b0027c17b0 JavaThread "Compiler Source File Reader" daemon [_thread_blocked, id=12656, stack(0x0000001d1ff00000,0x0000001d20000000) (1024K)]
  0x000001b0027c1e40 JavaThread "Compiler Processing Task"   daemon [_thread_in_Java, id=6772, stack(0x0000001d20c00000,0x0000001d20d00000) (1024K)]
  0x000001b0027c2b60 JavaThread "Compiler Source File Reader" daemon [_thread_blocked, id=6732, stack(0x0000001d21000000,0x0000001d21100000) (1024K)]
  0x000001b0027c3f10 JavaThread "Compiler Source File Reader" daemon [_thread_blocked, id=12988, stack(0x0000001d21100000,0x0000001d21200000) (1024K)]
  0x000001b0027c4c30 JavaThread "Compiler Source File Reader" daemon [_thread_blocked, id=11484, stack(0x0000001d21f00000,0x0000001d22000000) (1024K)]
  0x000001b0080447c0 JavaThread "Compiler Source File Reader" daemon [_thread_blocked, id=12256, stack(0x0000001d22000000,0x0000001d22100000) (1024K)]
  0x000001b0080454e0 JavaThread "Compiler Source File Reader" daemon [_thread_blocked, id=6012, stack(0x0000001d22100000,0x0000001d22200000) (1024K)]
  0x000001b007db27a0 JavaThread "Worker-5"                          [_thread_blocked, id=7524, stack(0x0000001d22200000,0x0000001d22300000) (1024K)]
=>0x000001b012a3e8a0 JavaThread "C2 CompilerThread1"         daemon [_thread_in_native, id=13024, stack(0x0000001d22300000,0x0000001d22400000) (1024K)]
Total: 43

Other Threads:
  0x000001afbf691b80 VMThread "VM Thread"                           [id=5164, stack(0x0000001d1f500000,0x0000001d1f600000) (1024K)]
  0x000001afab35f240 WatcherThread "VM Periodic Task Thread"        [id=8888, stack(0x0000001d1f400000,0x0000001d1f500000) (1024K)]
  0x000001afab310850 WorkerThread "GC Thread#0"                     [id=8912, stack(0x0000001d1f300000,0x0000001d1f400000) (1024K)]
  0x000001b00295fb50 WorkerThread "GC Thread#1"                     [id=4572, stack(0x0000001d20200000,0x0000001d20300000) (1024K)]
  0x000001b002c091f0 WorkerThread "GC Thread#2"                     [id=16912, stack(0x0000001d20300000,0x0000001d20400000) (1024K)]
  0x000001b002c09590 WorkerThread "GC Thread#3"                     [id=9060, stack(0x0000001d20400000,0x0000001d20500000) (1024K)]
  0x000001b002c09930 WorkerThread "GC Thread#4"                     [id=2952, stack(0x0000001d20500000,0x0000001d20600000) (1024K)]
  0x000001b002964bc0 WorkerThread "GC Thread#5"                     [id=14272, stack(0x0000001d20600000,0x0000001d20700000) (1024K)]
  0x000001b002964f60 WorkerThread "GC Thread#6"                     [id=12544, stack(0x0000001d20700000,0x0000001d20800000) (1024K)]
  0x000001b00706e370 WorkerThread "GC Thread#7"                     [id=7540, stack(0x0000001d20a00000,0x0000001d20b00000) (1024K)]
Total: 10

Threads with active compile tasks:
C2 CompilerThread0  620750 16183       4       org.eclipse.jdt.internal.compiler.CompilationResult::quickPrioritize (124 bytes)
C2 CompilerThread1  620750 16095       4       org.eclipse.jdt.internal.compiler.lookup.TypeSystem::getParameterizedType (258 bytes)
Total: 2

VM state: not at safepoint (normal execution)

VM Mutex/Monitor currently owned by a thread: None

Heap address: 0x00000000c0000000, size: 1024 MB, Compressed Oops mode: 32-bit

CDS archive(s) mapped at: [0x000001afc0000000-0x000001afc0ba0000-0x000001afc0ba0000), size 12189696, SharedBaseAddress: 0x000001afc0000000, ArchiveRelocationMode: 1.
Compressed class space mapped at: 0x000001afc1000000-0x000001b001000000, reserved size: 1073741824
Narrow klass base: 0x000001afc0000000, Narrow klass shift: 0, Narrow klass range: 0x100000000

GC Precious Log:
 CardTable entry size: 512
 CPUs: 8 total, 8 available
 Memory: 7968M
 Large Page Support: Disabled
 NUMA Support: Disabled
 Compressed Oops: Enabled (32-bit)
 Alignments: Space 512K, Generation 512K, Heap 2M
 Heap Min Capacity: 100M
 Heap Initial Capacity: 100M
 Heap Max Capacity: 1G
 Pre-touch: Disabled
 Parallel Workers: 8

Heap:
 PSYoungGen      total 5632K, used 3823K [0x00000000eab00000, 0x00000000eb200000, 0x0000000100000000)
  eden space 4096K, 64% used [0x00000000eab00000,0x00000000ead8fed8,0x00000000eaf00000)
  from space 1536K, 78% used [0x00000000eaf00000,0x00000000eb02c010,0x00000000eb080000)
  to   space 1536K, 0% used [0x00000000eb080000,0x00000000eb080000,0x00000000eb200000)
 ParOldGen       total 658432K, used 658372K [0x00000000c0000000, 0x00000000e8300000, 0x00000000eab00000)
  object space 658432K, 99% used [0x00000000c0000000,0x00000000e82f12f0,0x00000000e8300000)
 Metaspace       used 52787K, committed 53952K, reserved 1114112K
  class space    used 4697K, committed 5248K, reserved 1048576K

Card table byte_map: [0x000001afaacd0000,0x000001afaaee0000] _byte_map_base: 0x000001afaa6d0000

Marking Bits: (ParMarkBitMap*) 0x00007ffc487f31f0
 Begin Bits: [0x000001afbd4f0000, 0x000001afbe4f0000)
 End Bits:   [0x000001afbe4f0000, 0x000001afbf4f0000)

Polling page: 0x000001afaaac0000

Metaspace:

Usage:
  Non-class:     46.96 MB used.
      Class:      4.59 MB used.
       Both:     51.55 MB used.

Virtual space:
  Non-class space:       64.00 MB reserved,      47.56 MB ( 74%) committed,  1 nodes.
      Class space:        1.00 GB reserved,       5.12 MB ( <1%) committed,  1 nodes.
             Both:        1.06 GB reserved,      52.69 MB (  5%) committed. 

Chunk freelists:
   Non-Class:  15.88 MB
       Class:  10.87 MB
        Both:  26.75 MB

MaxMetaspaceSize: unlimited
CompressedClassSpaceSize: 1.00 GB
Initial GC threshold: 21.00 MB
Current GC threshold: 82.31 MB
CDS: on
 - commit_granule_bytes: 65536.
 - commit_granule_words: 8192.
 - virtual_space_node_default_size: 8388608.
 - enlarge_chunks_in_place: 1.
 - use_allocation_guard: 0.


Internal statistics:

num_allocs_failed_limit: 6.
num_arena_births: 1088.
num_arena_deaths: 16.
num_vsnodes_births: 2.
num_vsnodes_deaths: 0.
num_space_committed: 843.
num_space_uncommitted: 0.
num_chunks_returned_to_freelist: 23.
num_chunks_taken_from_freelist: 3559.
num_chunk_merges: 10.
num_chunk_splits: 2220.
num_chunks_enlarged: 1312.
num_inconsistent_stats: 0.

CodeHeap 'non-profiled nmethods': size=120000Kb used=17447Kb max_used=17447Kb free=102553Kb
 bounds [0x000001afb5fc0000, 0x000001afb70d0000, 0x000001afbd4f0000]
CodeHeap 'profiled nmethods': size=120000Kb used=42650Kb max_used=42650Kb free=77349Kb
 bounds [0x000001afae4f0000, 0x000001afb0ea0000, 0x000001afb5a20000]
CodeHeap 'non-nmethods': size=5760Kb used=1433Kb max_used=1560Kb free=4326Kb
 bounds [0x000001afb5a20000, 0x000001afb5c90000, 0x000001afb5fc0000]
 total_blobs=16000 nmethods=15263 adapters=638
 compilation: enabled
              stopped_count=0, restarted_count=0
 full_count=0

Compilation events (20 events):
Event: 620.503 Thread 0x000001afbf6b4460 16174       2       org.eclipse.jdt.internal.compiler.codegen.CodeStream::inlineForwardReferencesFromLabelsTargeting (112 bytes)
Event: 620.503 Thread 0x000001afbf6b4460 nmethod 16174 0x000001afb0e87110 code [0x000001afb0e872e0, 0x000001afb0e875f0]
Event: 620.503 Thread 0x000001afbf6b4460 16171       2       org.eclipse.jdt.internal.compiler.codegen.StackMapFrame::putLocal (67 bytes)
Event: 620.503 Thread 0x000001afbf6b4460 nmethod 16171 0x000001afb0e87810 code [0x000001afb0e879e0, 0x000001afb0e87ea0]
Event: 620.504 Thread 0x000001afbf6b4460 16172       2       org.eclipse.jdt.internal.compiler.codegen.StackMapFrameCodeStream::goto_ (14 bytes)
Event: 620.504 Thread 0x000001afbf6b4460 nmethod 16172 0x000001afb0e88090 code [0x000001afb0e88240, 0x000001afb0e88398]
Event: 620.504 Thread 0x000001afbf6b4460 16173       2       org.eclipse.jdt.internal.compiler.codegen.CodeStream::goto_ (145 bytes)
Event: 620.504 Thread 0x000001afbf6b4460 nmethod 16173 0x000001afb0e88490 code [0x000001afb0e886c0, 0x000001afb0e88b70]
Event: 620.519 Thread 0x000001afbf6b4460 16175       2       java.util.HashMap::treeifyBin (110 bytes)
Event: 620.520 Thread 0x000001afbf6b4460 nmethod 16175 0x000001afb0e88f10 code [0x000001afb0e89100, 0x000001afb0e894d0]
Event: 620.538 Thread 0x000001afbf6b4460 16177       2       org.eclipse.jdt.internal.compiler.ast.Pattern::findPrimitiveConversionRoute (358 bytes)
Event: 620.540 Thread 0x000001afbf6b4460 nmethod 16177 0x000001afb0e89710 code [0x000001afb0e89a60, 0x000001afb0e8a5f8]
Event: 620.552 Thread 0x000001afbf6b4460 16179 %     3       org.eclipse.jdt.internal.compiler.util.HashtableOfType::rehash @ 37 (92 bytes)
Event: 620.552 Thread 0x000001afbf6b4460 nmethod 16179% 0x000001afb0e8ac90 code [0x000001afb0e8ae80, 0x000001afb0e8b308]
Event: 620.558 Thread 0x000001afbf6b4460 16181       3       org.eclipse.jdt.internal.compiler.lookup.SourceTypeBinding::getExactMethod (540 bytes)
Event: 620.561 Thread 0x000001afbf6b4460 nmethod 16181 0x000001afb0e8b590 code [0x000001afb0e8b980, 0x000001afb0e8d688]
Event: 620.591 Thread 0x000001afbf6b4460 16184       3       org.eclipse.jdt.internal.compiler.ClassFile::addDefaultAbstractMethods (62 bytes)
Event: 620.591 Thread 0x000001afbf6b4460 nmethod 16184 0x000001afb0e8e110 code [0x000001afb0e8e300, 0x000001afb0e8e750]
Event: 620.617 Thread 0x000001afbf6b2fd0 nmethod 16107 0x000001afb70bd290 code [0x000001afb70bd740, 0x000001afb70c17d8]
Event: 620.617 Thread 0x000001afbf6b2fd0 16168   !   4       org.eclipse.core.internal.resources.Workspace::prepareOperation (96 bytes)

GC Heap History (20 events):
Event: 620.170 GC heap before
{Heap before GC invocations=1144 (full 3):
 PSYoungGen      total 6144K, used 5913K [0x00000000eab00000, 0x00000000eb300000, 0x0000000100000000)
  eden space 4096K, 100% used [0x00000000eab00000,0x00000000eaf00000,0x00000000eaf00000)
  from space 2048K, 88% used [0x00000000eb100000,0x00000000eb2c6588,0x00000000eb300000)
  to   space 2048K, 0% used [0x00000000eaf00000,0x00000000eaf00000,0x00000000eb100000)
 ParOldGen       total 643584K, used 643188K [0x00000000c0000000, 0x00000000e7480000, 0x00000000eab00000)
  object space 643584K, 99% used [0x00000000c0000000,0x00000000e741d320,0x00000000e7480000)
 Metaspace       used 52743K, committed 53952K, reserved 1114112K
  class space    used 4697K, committed 5248K, reserved 1048576K
}
Event: 620.172 GC heap after
{Heap after GC invocations=1144 (full 3):
 PSYoungGen      total 6144K, used 1604K [0x00000000eab00000, 0x00000000eb300000, 0x0000000100000000)
  eden space 4096K, 0% used [0x00000000eab00000,0x00000000eab00000,0x00000000eaf00000)
  from space 2048K, 78% used [0x00000000eaf00000,0x00000000eb0913b0,0x00000000eb100000)
  to   space 2048K, 0% used [0x00000000eb100000,0x00000000eb100000,0x00000000eb300000)
 ParOldGen       total 645120K, used 644765K [0x00000000c0000000, 0x00000000e7600000, 0x00000000eab00000)
  object space 645120K, 99% used [0x00000000c0000000,0x00000000e75a7430,0x00000000e7600000)
 Metaspace       used 52743K, committed 53952K, reserved 1114112K
  class space    used 4697K, committed 5248K, reserved 1048576K
}
Event: 620.227 GC heap before
{Heap before GC invocations=1145 (full 3):
 PSYoungGen      total 6144K, used 5700K [0x00000000eab00000, 0x00000000eb300000, 0x0000000100000000)
  eden space 4096K, 100% used [0x00000000eab00000,0x00000000eaf00000,0x00000000eaf00000)
  from space 2048K, 78% used [0x00000000eaf00000,0x00000000eb0913b0,0x00000000eb100000)
  to   space 2048K, 0% used [0x00000000eb100000,0x00000000eb100000,0x00000000eb300000)
 ParOldGen       total 645120K, used 644765K [0x00000000c0000000, 0x00000000e7600000, 0x00000000eab00000)
  object space 645120K, 99% used [0x00000000c0000000,0x00000000e75a7430,0x00000000e7600000)
 Metaspace       used 52744K, committed 53952K, reserved 1114112K
  class space    used 4697K, committed 5248K, reserved 1048576K
}
Event: 620.238 GC heap after
{Heap after GC invocations=1145 (full 3):
 PSYoungGen      total 6144K, used 1644K [0x00000000eab00000, 0x00000000eb300000, 0x0000000100000000)
  eden space 4096K, 0% used [0x00000000eab00000,0x00000000eab00000,0x00000000eaf00000)
  from space 2048K, 80% used [0x00000000eb100000,0x00000000eb29b390,0x00000000eb300000)
  to   space 2048K, 0% used [0x00000000eaf00000,0x00000000eaf00000,0x00000000eb100000)
 ParOldGen       total 646656K, used 646196K [0x00000000c0000000, 0x00000000e7780000, 0x00000000eab00000)
  object space 646656K, 99% used [0x00000000c0000000,0x00000000e770d328,0x00000000e7780000)
 Metaspace       used 52744K, committed 53952K, reserved 1114112K
  class space    used 4697K, committed 5248K, reserved 1048576K
}
Event: 620.275 GC heap before
{Heap before GC invocations=1146 (full 3):
 PSYoungGen      total 6144K, used 5740K [0x00000000eab00000, 0x00000000eb300000, 0x0000000100000000)
  eden space 4096K, 100% used [0x00000000eab00000,0x00000000eaf00000,0x00000000eaf00000)
  from space 2048K, 80% used [0x00000000eb100000,0x00000000eb29b390,0x00000000eb300000)
  to   space 2048K, 0% used [0x00000000eaf00000,0x00000000eaf00000,0x00000000eb100000)
 ParOldGen       total 646656K, used 646196K [0x00000000c0000000, 0x00000000e7780000, 0x00000000eab00000)
  object space 646656K, 99% used [0x00000000c0000000,0x00000000e770d328,0x00000000e7780000)
 Metaspace       used 52744K, committed 53952K, reserved 1114112K
  class space    used 4697K, committed 5248K, reserved 1048576K
}
Event: 620.280 GC heap after
{Heap after GC invocations=1146 (full 3):
 PSYoungGen      total 6144K, used 2034K [0x00000000eab00000, 0x00000000eb800000, 0x0000000100000000)
  eden space 4096K, 0% used [0x00000000eab00000,0x00000000eab00000,0x00000000eaf00000)
  from space 2048K, 99% used [0x00000000eaf00000,0x00000000eb0fc968,0x00000000eb100000)
  to   space 4608K, 0% used [0x00000000eb380000,0x00000000eb380000,0x00000000eb800000)
 ParOldGen       total 648192K, used 648125K [0x00000000c0000000, 0x00000000e7900000, 0x00000000eab00000)
  object space 648192K, 99% used [0x00000000c0000000,0x00000000e78ef488,0x00000000e7900000)
 Metaspace       used 52744K, committed 53952K, reserved 1114112K
  class space    used 4697K, committed 5248K, reserved 1048576K
}
Event: 620.304 GC heap before
{Heap before GC invocations=1147 (full 3):
 PSYoungGen      total 6144K, used 6130K [0x00000000eab00000, 0x00000000eb800000, 0x0000000100000000)
  eden space 4096K, 100% used [0x00000000eab00000,0x00000000eaf00000,0x00000000eaf00000)
  from space 2048K, 99% used [0x00000000eaf00000,0x00000000eb0fc968,0x00000000eb100000)
  to   space 4608K, 0% used [0x00000000eb380000,0x00000000eb380000,0x00000000eb800000)
 ParOldGen       total 648192K, used 648125K [0x00000000c0000000, 0x00000000e7900000, 0x00000000eab00000)
  object space 648192K, 99% used [0x00000000c0000000,0x00000000e78ef488,0x00000000e7900000)
 Metaspace       used 52744K, committed 53952K, reserved 1114112K
  class space    used 4697K, committed 5248K, reserved 1048576K
}
Event: 620.309 GC heap after
{Heap after GC invocations=1147 (full 3):
 PSYoungGen      total 6144K, used 2016K [0x00000000eab00000, 0x00000000eb580000, 0x0000000100000000)
  eden space 4096K, 0% used [0x00000000eab00000,0x00000000eab00000,0x00000000eaf00000)
  from space 2048K, 98% used [0x00000000eb380000,0x00000000eb578020,0x00000000eb580000)
  to   space 3072K, 0% used [0x00000000eaf80000,0x00000000eaf80000,0x00000000eb280000)
 ParOldGen       total 650240K, used 650175K [0x00000000c0000000, 0x00000000e7b00000, 0x00000000eab00000)
  object space 650240K, 99% used [0x00000000c0000000,0x00000000e7aefe38,0x00000000e7b00000)
 Metaspace       used 52744K, committed 53952K, reserved 1114112K
  class space    used 4697K, committed 5248K, reserved 1048576K
}
Event: 620.356 GC heap before
{Heap before GC invocations=1148 (full 3):
 PSYoungGen      total 6144K, used 6112K [0x00000000eab00000, 0x00000000eb580000, 0x0000000100000000)
  eden space 4096K, 99% used [0x00000000eab00000,0x00000000eaeffff8,0x00000000eaf00000)
  from space 2048K, 98% used [0x00000000eb380000,0x00000000eb578020,0x00000000eb580000)
  to   space 3072K, 0% used [0x00000000eaf80000,0x00000000eaf80000,0x00000000eb280000)
 ParOldGen       total 650240K, used 650175K [0x00000000c0000000, 0x00000000e7b00000, 0x00000000eab00000)
  object space 650240K, 99% used [0x00000000c0000000,0x00000000e7aefe38,0x00000000e7b00000)
 Metaspace       used 52752K, committed 53952K, reserved 1114112K
  class space    used 4697K, committed 5248K, reserved 1048576K
}
Event: 620.361 GC heap after
{Heap after GC invocations=1148 (full 3):
 PSYoungGen      total 5632K, used 1178K [0x00000000eab00000, 0x00000000eb400000, 0x0000000100000000)
  eden space 4096K, 0% used [0x00000000eab00000,0x00000000eab00000,0x00000000eaf00000)
  from space 1536K, 76% used [0x00000000eaf80000,0x00000000eb0a6880,0x00000000eb100000)
  to   space 2048K, 0% used [0x00000000eb200000,0x00000000eb200000,0x00000000eb400000)
 ParOldGen       total 652288K, used 652087K [0x00000000c0000000, 0x00000000e7d00000, 0x00000000eab00000)
  object space 652288K, 99% used [0x00000000c0000000,0x00000000e7ccde58,0x00000000e7d00000)
 Metaspace       used 52752K, committed 53952K, reserved 1114112K
  class space    used 4697K, committed 5248K, reserved 1048576K
}
Event: 620.397 GC heap before
{Heap before GC invocations=1149 (full 3):
 PSYoungGen      total 5632K, used 5274K [0x00000000eab00000, 0x00000000eb400000, 0x0000000100000000)
  eden space 4096K, 100% used [0x00000000eab00000,0x00000000eaf00000,0x00000000eaf00000)
  from space 1536K, 76% used [0x00000000eaf80000,0x00000000eb0a6880,0x00000000eb100000)
  to   space 2048K, 0% used [0x00000000eb200000,0x00000000eb200000,0x00000000eb400000)
 ParOldGen       total 652288K, used 652087K [0x00000000c0000000, 0x00000000e7d00000, 0x00000000eab00000)
  object space 652288K, 99% used [0x00000000c0000000,0x00000000e7ccde58,0x00000000e7d00000)
 Metaspace       used 52779K, committed 53952K, reserved 1114112K
  class space    used 4697K, committed 5248K, reserved 1048576K
}
Event: 620.400 GC heap after
{Heap after GC invocations=1149 (full 3):
 PSYoungGen      total 5632K, used 1147K [0x00000000eab00000, 0x00000000eb380000, 0x0000000100000000)
  eden space 4096K, 0% used [0x00000000eab00000,0x00000000eab00000,0x00000000eaf00000)
  from space 1536K, 74% used [0x00000000eb200000,0x00000000eb31ee60,0x00000000eb380000)
  to   space 1536K, 0% used [0x00000000eaf80000,0x00000000eaf80000,0x00000000eb100000)
 ParOldGen       total 653312K, used 653092K [0x00000000c0000000, 0x00000000e7e00000, 0x00000000eab00000)
  object space 653312K, 99% used [0x00000000c0000000,0x00000000e7dc93d0,0x00000000e7e00000)
 Metaspace       used 52779K, committed 53952K, reserved 1114112K
  class space    used 4697K, committed 5248K, reserved 1048576K
}
Event: 620.469 GC heap before
{Heap before GC invocations=1150 (full 3):
 PSYoungGen      total 5632K, used 5243K [0x00000000eab00000, 0x00000000eb380000, 0x0000000100000000)
  eden space 4096K, 100% used [0x00000000eab00000,0x00000000eaf00000,0x00000000eaf00000)
  from space 1536K, 74% used [0x00000000eb200000,0x00000000eb31ee60,0x00000000eb380000)
  to   space 1536K, 0% used [0x00000000eaf80000,0x00000000eaf80000,0x00000000eb100000)
 ParOldGen       total 653312K, used 653092K [0x00000000c0000000, 0x00000000e7e00000, 0x00000000eab00000)
  object space 653312K, 99% used [0x00000000c0000000,0x00000000e7dc93d0,0x00000000e7e00000)
 Metaspace       used 52779K, committed 53952K, reserved 1114112K
  class space    used 4697K, committed 5248K, reserved 1048576K
}
Event: 620.472 GC heap after
{Heap after GC invocations=1150 (full 3):
 PSYoungGen      total 5632K, used 1360K [0x00000000eab00000, 0x00000000eb280000, 0x0000000100000000)
  eden space 4096K, 0% used [0x00000000eab00000,0x00000000eab00000,0x00000000eaf00000)
  from space 1536K, 88% used [0x00000000eaf80000,0x00000000eb0d4090,0x00000000eb100000)
  to   space 1536K, 0% used [0x00000000eb100000,0x00000000eb100000,0x00000000eb280000)
 ParOldGen       total 654336K, used 654199K [0x00000000c0000000, 0x00000000e7f00000, 0x00000000eab00000)
  object space 654336K, 99% used [0x00000000c0000000,0x00000000e7edde40,0x00000000e7f00000)
 Metaspace       used 52779K, committed 53952K, reserved 1114112K
  class space    used 4697K, committed 5248K, reserved 1048576K
}
Event: 620.505 GC heap before
{Heap before GC invocations=1151 (full 3):
 PSYoungGen      total 5632K, used 5456K [0x00000000eab00000, 0x00000000eb280000, 0x0000000100000000)
  eden space 4096K, 100% used [0x00000000eab00000,0x00000000eaf00000,0x00000000eaf00000)
  from space 1536K, 88% used [0x00000000eaf80000,0x00000000eb0d4090,0x00000000eb100000)
  to   space 1536K, 0% used [0x00000000eb100000,0x00000000eb100000,0x00000000eb280000)
 ParOldGen       total 654336K, used 654199K [0x00000000c0000000, 0x00000000e7f00000, 0x00000000eab00000)
  object space 654336K, 99% used [0x00000000c0000000,0x00000000e7edde40,0x00000000e7f00000)
 Metaspace       used 52784K, committed 53952K, reserved 1114112K
  class space    used 4697K, committed 5248K, reserved 1048576K
}
Event: 620.508 GC heap after
{Heap after GC invocations=1151 (full 3):
 PSYoungGen      total 5632K, used 1328K [0x00000000eab00000, 0x00000000eb280000, 0x0000000100000000)
  eden space 4096K, 0% used [0x00000000eab00000,0x00000000eab00000,0x00000000eaf00000)
  from space 1536K, 86% used [0x00000000eb100000,0x00000000eb24c050,0x00000000eb280000)
  to   space 1536K, 0% used [0x00000000eaf80000,0x00000000eaf80000,0x00000000eb100000)
 ParOldGen       total 655872K, used 655414K [0x00000000c0000000, 0x00000000e8080000, 0x00000000eab00000)
  object space 655872K, 99% used [0x00000000c0000000,0x00000000e800da38,0x00000000e8080000)
 Metaspace       used 52784K, committed 53952K, reserved 1114112K
  class space    used 4697K, committed 5248K, reserved 1048576K
}
Event: 620.574 GC heap before
{Heap before GC invocations=1152 (full 3):
 PSYoungGen      total 5632K, used 5424K [0x00000000eab00000, 0x00000000eb280000, 0x0000000100000000)
  eden space 4096K, 100% used [0x00000000eab00000,0x00000000eaf00000,0x00000000eaf00000)
  from space 1536K, 86% used [0x00000000eb100000,0x00000000eb24c050,0x00000000eb280000)
  to   space 1536K, 0% used [0x00000000eaf80000,0x00000000eaf80000,0x00000000eb100000)
 ParOldGen       total 655872K, used 655414K [0x00000000c0000000, 0x00000000e8080000, 0x00000000eab00000)
  object space 655872K, 99% used [0x00000000c0000000,0x00000000e800da38,0x00000000e8080000)
 Metaspace       used 52787K, committed 53952K, reserved 1114112K
  class space    used 4697K, committed 5248K, reserved 1048576K
}
Event: 620.582 GC heap after
{Heap after GC invocations=1152 (full 3):
 PSYoungGen      total 5632K, used 1335K [0x00000000eab00000, 0x00000000eb200000, 0x0000000100000000)
  eden space 4096K, 0% used [0x00000000eab00000,0x00000000eab00000,0x00000000eaf00000)
  from space 1536K, 86% used [0x00000000eaf80000,0x00000000eb0cdd10,0x00000000eb100000)
  to   space 1024K, 0% used [0x00000000eb100000,0x00000000eb100000,0x00000000eb200000)
 ParOldGen       total 656896K, used 656562K [0x00000000c0000000, 0x00000000e8180000, 0x00000000eab00000)
  object space 656896K, 99% used [0x00000000c0000000,0x00000000e812c840,0x00000000e8180000)
 Metaspace       used 52787K, committed 53952K, reserved 1114112K
  class space    used 4697K, committed 5248K, reserved 1048576K
}
Event: 620.658 GC heap before
{Heap before GC invocations=1153 (full 3):
 PSYoungGen      total 5632K, used 5431K [0x00000000eab00000, 0x00000000eb200000, 0x0000000100000000)
  eden space 4096K, 100% used [0x00000000eab00000,0x00000000eaf00000,0x00000000eaf00000)
  from space 1536K, 86% used [0x00000000eaf80000,0x00000000eb0cdd10,0x00000000eb100000)
  to   space 1024K, 0% used [0x00000000eb100000,0x00000000eb100000,0x00000000eb200000)
 ParOldGen       total 656896K, used 656562K [0x00000000c0000000, 0x00000000e8180000, 0x00000000eab00000)
  object space 656896K, 99% used [0x00000000c0000000,0x00000000e812c840,0x00000000e8180000)
 Metaspace       used 52787K, committed 53952K, reserved 1114112K
  class space    used 4697K, committed 5248K, reserved 1048576K
}
Event: 620.670 GC heap after
{Heap after GC invocations=1153 (full 3):
 PSYoungGen      total 5120K, used 1024K [0x00000000eab00000, 0x00000000eb200000, 0x0000000100000000)
  eden space 4096K, 0% used [0x00000000eab00000,0x00000000eab00000,0x00000000eaf00000)
  from space 1024K, 100% used [0x00000000eb100000,0x00000000eb200000,0x00000000eb200000)
  to   space 1536K, 0% used [0x00000000eaf00000,0x00000000eaf00000,0x00000000eb080000)
 ParOldGen       total 657920K, used 657497K [0x00000000c0000000, 0x00000000e8280000, 0x00000000eab00000)
  object space 657920K, 99% used [0x00000000c0000000,0x00000000e8216570,0x00000000e8280000)
 Metaspace       used 52787K, committed 53952K, reserved 1114112K
  class space    used 4697K, committed 5248K, reserved 1048576K
}

Dll operation events (10 events):
Event: 0.032 Loaded shared library c:\Users\jimmy\.vscode\extensions\redhat.java-1.42.0-win32-x64\jre\21.0.7-win32-x86_64\bin\java.dll
Event: 0.118 Loaded shared library c:\Users\jimmy\.vscode\extensions\redhat.java-1.42.0-win32-x64\jre\21.0.7-win32-x86_64\bin\zip.dll
Event: 0.198 Loaded shared library C:\Users\jimmy\.vscode\extensions\redhat.java-1.42.0-win32-x64\jre\21.0.7-win32-x86_64\bin\instrument.dll
Event: 0.202 Loaded shared library C:\Users\jimmy\.vscode\extensions\redhat.java-1.42.0-win32-x64\jre\21.0.7-win32-x86_64\bin\net.dll
Event: 0.204 Loaded shared library C:\Users\jimmy\.vscode\extensions\redhat.java-1.42.0-win32-x64\jre\21.0.7-win32-x86_64\bin\nio.dll
Event: 0.210 Loaded shared library C:\Users\jimmy\.vscode\extensions\redhat.java-1.42.0-win32-x64\jre\21.0.7-win32-x86_64\bin\zip.dll
Event: 0.230 Loaded shared library C:\Users\jimmy\.vscode\extensions\redhat.java-1.42.0-win32-x64\jre\21.0.7-win32-x86_64\bin\jimage.dll
Event: 0.313 Loaded shared library c:\Users\jimmy\.vscode\extensions\redhat.java-1.42.0-win32-x64\jre\21.0.7-win32-x86_64\bin\verify.dll
Event: 2.041 Loaded shared library C:\Users\jimmy\AppData\Roaming\Code\User\globalStorage\redhat.java\1.42.0\config_ss_win\org.eclipse.equinox.launcher\org.eclipse.equinox.launcher.win32.win32.x86_64_1.2.1300.v20250331-1702\eclipse_11911.dll
Event: 3.524 Loaded shared library C:\Users\jimmy\AppData\Local\Temp\jna-101129530\jna16320363949274461255.dll

Deoptimization events (20 events):
Event: 620.381 Thread 0x000001b0027c7390 Uncommon trap: trap_request=0xffffffd6 fr.pc=0x000001afb7099fb8 relative=0x0000000000001ad8
Event: 620.381 Thread 0x000001b0027c7390 Uncommon trap: reason=array_check action=maybe_recompile pc=0x000001afb7099fb8 method=org.eclipse.core.internal.jobs.ThreadJob.push(Lorg/eclipse/core/runtime/jobs/ISchedulingRule;)V @ 64 c2
Event: 620.381 Thread 0x000001b0027c7390 DEOPT PACKING pc=0x000001afb7099fb8 sp=0x0000001d1effe4c0
Event: 620.381 Thread 0x000001b0027c7390 DEOPT UNPACKING pc=0x000001afb5a73aa2 sp=0x0000001d1effe2a0 mode 2
Event: 620.396 Thread 0x000001b0027c1e40 Uncommon trap: trap_request=0xffffff45 fr.pc=0x000001afb6bdab34 relative=0x0000000000001c94
Event: 620.396 Thread 0x000001b0027c1e40 Uncommon trap: reason=unstable_if action=reinterpret pc=0x000001afb6bdab34 method=org.eclipse.jdt.internal.compiler.lookup.PackageBinding.hasType0Any([C)Z @ 14 c2
Event: 620.396 Thread 0x000001b0027c1e40 DEOPT PACKING pc=0x000001afb6bdab34 sp=0x0000001d20cfe940
Event: 620.396 Thread 0x000001b0027c1e40 DEOPT UNPACKING pc=0x000001afb5a73aa2 sp=0x0000001d20cfe860 mode 2
Event: 620.503 Thread 0x000001b0027c7390 DEOPT PACKING pc=0x000001afb0bbeef1 sp=0x0000001d1effe370
Event: 620.503 Thread 0x000001b0027c7390 DEOPT UNPACKING pc=0x000001afb5a74242 sp=0x0000001d1effd810 mode 0
Event: 620.551 Thread 0x000001b0027c1e40 Uncommon trap: trap_request=0xffffff45 fr.pc=0x000001afb700fc04 relative=0x0000000000002704
Event: 620.551 Thread 0x000001b0027c1e40 Uncommon trap: reason=unstable_if action=reinterpret pc=0x000001afb700fc04 method=org.eclipse.jdt.internal.compiler.lookup.SourceTypeBinding.getExactMethod([C[Lorg/eclipse/jdt/internal/compiler/lookup/TypeBinding;Lorg/eclipse/jdt/internal/compiler/lookup/
Event: 620.551 Thread 0x000001b0027c1e40 DEOPT PACKING pc=0x000001afb700fc04 sp=0x0000001d20cfe720
Event: 620.551 Thread 0x000001b0027c1e40 DEOPT UNPACKING pc=0x000001afb5a73aa2 sp=0x0000001d20cfe6c8 mode 2
Event: 620.615 Thread 0x000001b0027c1e40 DEOPT PACKING pc=0x000001afb0e55ffe sp=0x0000001d20cfe370
Event: 620.615 Thread 0x000001b0027c1e40 DEOPT UNPACKING pc=0x000001afb5a74242 sp=0x0000001d20cfd888 mode 0
Event: 620.647 Thread 0x000001b0027c1e40 Uncommon trap: trap_request=0xffffff6e fr.pc=0x000001afb70bfb5c relative=0x000000000000241c
Event: 620.647 Thread 0x000001b0027c1e40 Uncommon trap: reason=loop_limit_check action=maybe_recompile pc=0x000001afb70bfb5c method=org.eclipse.jdt.internal.compiler.lookup.BinaryTypeBinding.getExactMethod([C[Lorg/eclipse/jdt/internal/compiler/lookup/TypeBinding;Lorg/eclipse/jdt/internal/compile
Event: 620.647 Thread 0x000001b0027c1e40 DEOPT PACKING pc=0x000001afb70bfb5c sp=0x0000001d20cfdde0
Event: 620.647 Thread 0x000001b0027c1e40 DEOPT UNPACKING pc=0x000001afb5a73aa2 sp=0x0000001d20cfdd90 mode 2

Classes loaded (20 events):
Event: 534.018 Loading class java/util/Collections$SynchronizedRandomAccessList
Event: 534.019 Loading class java/util/Collections$SynchronizedList
Event: 534.019 Loading class java/util/Collections$SynchronizedList done
Event: 534.019 Loading class java/util/Collections$SynchronizedRandomAccessList done
Event: 610.512 Loading class java/util/zip/CheckedInputStream
Event: 610.513 Loading class java/util/zip/CheckedInputStream done
Event: 610.597 Loading class java/nio/file/Files$2
Event: 610.597 Loading class java/nio/file/Files$2 done
Event: 610.605 Loading class java/util/concurrent/ArrayBlockingQueue
Event: 610.605 Loading class java/util/concurrent/ArrayBlockingQueue done
Event: 610.685 Loading class java/util/stream/DistinctOps
Event: 610.685 Loading class java/util/stream/DistinctOps done
Event: 610.685 Loading class java/util/stream/DistinctOps$1
Event: 610.686 Loading class java/util/stream/DistinctOps$1 done
Event: 610.688 Loading class java/util/stream/DistinctOps$1$2
Event: 610.688 Loading class java/util/stream/DistinctOps$1$2 done
Event: 613.936 Loading class java/util/ArrayDeque$DeqSpliterator
Event: 613.937 Loading class java/util/ArrayDeque$DeqSpliterator done
Event: 613.959 Loading class jdk/internal/math/FDBigInteger
Event: 613.960 Loading class jdk/internal/math/FDBigInteger done

Classes unloaded (8 events):
Event: 4.842 Thread 0x000001afbf691b80 Unloading class 0x000001afc118a800 'java/lang/invoke/LambdaForm$MH+0x000001afc118a800'
Event: 4.842 Thread 0x000001afbf691b80 Unloading class 0x000001afc118a400 'java/lang/invoke/LambdaForm$MH+0x000001afc118a400'
Event: 4.842 Thread 0x000001afbf691b80 Unloading class 0x000001afc118a000 'java/lang/invoke/LambdaForm$MH+0x000001afc118a000'
Event: 4.842 Thread 0x000001afbf691b80 Unloading class 0x000001afc1189c00 'java/lang/invoke/LambdaForm$MH+0x000001afc1189c00'
Event: 4.842 Thread 0x000001afbf691b80 Unloading class 0x000001afc1189800 'java/lang/invoke/LambdaForm$BMH+0x000001afc1189800'
Event: 4.842 Thread 0x000001afbf691b80 Unloading class 0x000001afc1189400 'java/lang/invoke/LambdaForm$DMH+0x000001afc1189400'
Event: 4.842 Thread 0x000001afbf691b80 Unloading class 0x000001afc1188400 'java/lang/invoke/LambdaForm$DMH+0x000001afc1188400'
Event: 534.765 Thread 0x000001afbf691b80 Unloading class 0x000001afc1432000 'java/lang/invoke/LambdaForm$DMH+0x000001afc1432000'

Classes redefined (0 events):
No events

Internal exceptions (20 events):
Event: 610.603 Thread 0x000001b0027c7390 Implicit null exception at 0x000001afb6a90bd0 to 0x000001afb6a91cec
Event: 610.878 Thread 0x000001b0027c7390 Implicit null exception at 0x000001afb61bddcf to 0x000001afb61bdee4
Event: 611.388 Thread 0x000001b0027c1e40 Implicit null exception at 0x000001afb6624c92 to 0x000001afb6624d98
Event: 611.487 Thread 0x000001b0027c1e40 Implicit null exception at 0x000001afb65a7d4f to 0x000001afb65a7ddc
Event: 611.878 Thread 0x000001b0027c1e40 Exception <a 'java/lang/NoSuchMethodError'{0x00000000eac07f30}: 'java.lang.Object java.lang.invoke.DirectMethodHandle$Holder.newInvokeSpecial(java.lang.Object, int, int, java.lang.Object)'> (0x00000000eac07f30) 
thrown [s\src\hotspot\share\interpreter\linkResolver.cpp, line 773]
Event: 612.575 Thread 0x000001b0027c1e40 Implicit null exception at 0x000001afb6d684cb to 0x000001afb6d68b80
Event: 612.582 Thread 0x000001b0027c1e40 Implicit null exception at 0x000001afb68086a4 to 0x000001afb68086d4
Event: 612.671 Thread 0x000001b0027c1e40 Implicit null exception at 0x000001afb6b279f2 to 0x000001afb6b286e0
Event: 612.786 Thread 0x000001b0027c1e40 Implicit null exception at 0x000001afb6b1464d to 0x000001afb6b14b60
Event: 613.535 Thread 0x000001b0027c1e40 Implicit null exception at 0x000001afb6128c30 to 0x000001afb612902c
Event: 613.535 Thread 0x000001b0027c1e40 Implicit null exception at 0x000001afb663a1d8 to 0x000001afb663b5b8
Event: 613.537 Thread 0x000001b0027c1e40 Implicit null exception at 0x000001afb69863c9 to 0x000001afb6988730
Event: 613.537 Thread 0x000001b0027c1e40 Implicit null exception at 0x000001afb684f209 to 0x000001afb684f3f8
Event: 613.632 Thread 0x000001b0027c1e40 Implicit null exception at 0x000001afb685dc61 to 0x000001afb685df88
Event: 615.085 Thread 0x000001b0027c1e40 Implicit null exception at 0x000001afb6d29554 to 0x000001afb6d2a7e4
Event: 615.630 Thread 0x000001b0027c1e40 Implicit null exception at 0x000001afb6f277b1 to 0x000001afb6f28614
Event: 615.630 Thread 0x000001b0027c1e40 Implicit null exception at 0x000001afb6e8def4 to 0x000001afb6e8e318
Event: 616.556 Thread 0x000001b0027c1e40 Implicit null exception at 0x000001afb6ee9780 to 0x000001afb6eea7cc
Event: 617.179 Thread 0x000001b0027c1e40 Implicit null exception at 0x000001afb642a38a to 0x000001afb642aa54
Event: 617.617 Thread 0x000001b0027c7390 Implicit null exception at 0x000001afb6371452 to 0x000001afb63714af

ZGC Phase Switch (0 events):
No events

VM Operations (20 events):
Event: 620.170 Executing VM operation: ParallelGCFailedAllocation (Allocation Failure)
Event: 620.172 Executing VM operation: ParallelGCFailedAllocation (Allocation Failure) done
Event: 620.227 Executing VM operation: ParallelGCFailedAllocation (Allocation Failure)
Event: 620.238 Executing VM operation: ParallelGCFailedAllocation (Allocation Failure) done
Event: 620.275 Executing VM operation: ParallelGCFailedAllocation (Allocation Failure)
Event: 620.280 Executing VM operation: ParallelGCFailedAllocation (Allocation Failure) done
Event: 620.304 Executing VM operation: ParallelGCFailedAllocation (Allocation Failure)
Event: 620.309 Executing VM operation: ParallelGCFailedAllocation (Allocation Failure) done
Event: 620.356 Executing VM operation: ParallelGCFailedAllocation (Allocation Failure)
Event: 620.362 Executing VM operation: ParallelGCFailedAllocation (Allocation Failure) done
Event: 620.397 Executing VM operation: ParallelGCFailedAllocation (Allocation Failure)
Event: 620.400 Executing VM operation: ParallelGCFailedAllocation (Allocation Failure) done
Event: 620.469 Executing VM operation: ParallelGCFailedAllocation (Allocation Failure)
Event: 620.472 Executing VM operation: ParallelGCFailedAllocation (Allocation Failure) done
Event: 620.505 Executing VM operation: ParallelGCFailedAllocation (Allocation Failure)
Event: 620.508 Executing VM operation: ParallelGCFailedAllocation (Allocation Failure) done
Event: 620.574 Executing VM operation: ParallelGCFailedAllocation (Allocation Failure)
Event: 620.582 Executing VM operation: ParallelGCFailedAllocation (Allocation Failure) done
Event: 620.658 Executing VM operation: ParallelGCFailedAllocation (Allocation Failure)
Event: 620.670 Executing VM operation: ParallelGCFailedAllocation (Allocation Failure) done

Memory protections (0 events):
No events

Nmethod flushes (20 events):
Event: 534.785 Thread 0x000001afbf691b80 flushing  nmethod 0x000001afaed1a990
Event: 534.785 Thread 0x000001afbf691b80 flushing  nmethod 0x000001afaed1d490
Event: 534.785 Thread 0x000001afbf691b80 flushing  nmethod 0x000001afaed2a090
Event: 534.785 Thread 0x000001afbf691b80 flushing  nmethod 0x000001afaed2a490
Event: 534.785 Thread 0x000001afbf691b80 flushing  nmethod 0x000001afaed2e490
Event: 534.785 Thread 0x000001afbf691b80 flushing  nmethod 0x000001afaed32690
Event: 534.785 Thread 0x000001afbf691b80 flushing  nmethod 0x000001afaed41990
Event: 534.785 Thread 0x000001afbf691b80 flushing  nmethod 0x000001afaed43790
Event: 534.785 Thread 0x000001afbf691b80 flushing  nmethod 0x000001afaed45690
Event: 534.785 Thread 0x000001afbf691b80 flushing  nmethod 0x000001afaed45b10
Event: 534.785 Thread 0x000001afbf691b80 flushing  nmethod 0x000001afaed46a90
Event: 534.785 Thread 0x000001afbf691b80 flushing  nmethod 0x000001afaed48a90
Event: 534.785 Thread 0x000001afbf691b80 flushing  nmethod 0x000001afaed48e90
Event: 534.785 Thread 0x000001afbf691b80 flushing  nmethod 0x000001afaed4aa10
Event: 534.785 Thread 0x000001afbf691b80 flushing  nmethod 0x000001afaed64c10
Event: 534.785 Thread 0x000001afbf691b80 flushing  nmethod 0x000001afaed85610
Event: 534.785 Thread 0x000001afbf691b80 flushing  nmethod 0x000001afaed8fa90
Event: 534.785 Thread 0x000001afbf691b80 flushing  nmethod 0x000001afaee25810
Event: 534.785 Thread 0x000001afbf691b80 flushing  nmethod 0x000001afaee2b990
Event: 534.785 Thread 0x000001afbf691b80 flushing  nmethod 0x000001afaee32610

Events (20 events):
Event: 454.135 Thread 0x000001b008929b80 Thread exited: 0x000001b008929b80
Event: 454.246 Thread 0x000001afbf6b4460 Thread added: 0x000001b008929b80
Event: 455.657 Thread 0x000001b008929b80 Thread exited: 0x000001b008929b80
Event: 455.662 Thread 0x000001afbf6b4460 Thread added: 0x000001b008929b80
Event: 461.497 Thread 0x000001b008929b80 Thread exited: 0x000001b008929b80
Event: 504.599 Thread 0x000001afbf6b2fd0 Thread added: 0x000001b012a3e8a0
Event: 510.066 Thread 0x000001b012a3e8a0 Thread exited: 0x000001b012a3e8a0
Event: 538.014 Thread 0x000001b0082ff690 Thread added: 0x000001b0027c7390
Event: 598.026 Thread 0x000001b0027c7390 Thread exited: 0x000001b0027c7390
Event: 607.575 Thread 0x000001b007bd2440 Thread added: 0x000001b0027c7390
Event: 610.385 Thread 0x000001b0082ff690 Thread exited: 0x000001b0082ff690
Event: 610.586 Thread 0x000001b0027c7390 Thread added: 0x000001b0027c17b0
Event: 610.606 Thread 0x000001b0027c7390 Thread added: 0x000001b0027c1e40
Event: 610.922 Thread 0x000001b0027c7390 Thread added: 0x000001b0027c2b60
Event: 610.922 Thread 0x000001b0027c7390 Thread added: 0x000001b0027c3f10
Event: 610.923 Thread 0x000001b0027c7390 Thread added: 0x000001b0027c4c30
Event: 610.923 Thread 0x000001b0027c7390 Thread added: 0x000001b0080447c0
Event: 610.923 Thread 0x000001b0027c2b60 Thread added: 0x000001b0080454e0
Event: 612.399 Thread 0x000001b007bd2440 Thread added: 0x000001b007db27a0
Event: 612.546 Thread 0x000001afbf6b4460 Thread added: 0x000001b012a3e8a0


Dynamic libraries:
0x00007ff7e55b0000 - 0x00007ff7e55be000 	c:\Users\jimmy\.vscode\extensions\redhat.java-1.42.0-win32-x64\jre\21.0.7-win32-x86_64\bin\java.exe
0x00007ffcd1110000 - 0x00007ffcd1308000 	C:\Windows\SYSTEM32\ntdll.dll
0x00007ffccf390000 - 0x00007ffccf44d000 	C:\Windows\System32\KERNEL32.DLL
0x00007ffccedb0000 - 0x00007ffccf0a6000 	C:\Windows\System32\KERNELBASE.dll
0x00007ffcceb80000 - 0x00007ffccec80000 	C:\Windows\System32\ucrtbase.dll
0x00007ffc9a740000 - 0x00007ffc9a758000 	c:\Users\jimmy\.vscode\extensions\redhat.java-1.42.0-win32-x64\jre\21.0.7-win32-x86_64\bin\jli.dll
0x00007ffc97950000 - 0x00007ffc9796e000 	c:\Users\jimmy\.vscode\extensions\redhat.java-1.42.0-win32-x64\jre\21.0.7-win32-x86_64\bin\VCRUNTIME140.dll
0x00007ffccf990000 - 0x00007ffccfb2e000 	C:\Windows\System32\USER32.dll
0x00007ffcce850000 - 0x00007ffcce872000 	C:\Windows\System32\win32u.dll
0x00007ffcb6b00000 - 0x00007ffcb6d9a000 	C:\Windows\WinSxS\amd64_microsoft.windows.common-controls_6595b64144ccf1df_6.0.19041.3636_none_60b6a03d71f818d5\COMCTL32.dll
0x00007ffcd04b0000 - 0x00007ffcd04dc000 	C:\Windows\System32\GDI32.dll
0x00007ffcd0f50000 - 0x00007ffcd0fee000 	C:\Windows\System32\msvcrt.dll
0x00007ffccea30000 - 0x00007ffcceb4a000 	C:\Windows\System32\gdi32full.dll
0x00007ffccec80000 - 0x00007ffcced1d000 	C:\Windows\System32\msvcp_win.dll
0x00007ffcd0880000 - 0x00007ffcd08b0000 	C:\Windows\System32\IMM32.DLL
0x00007ffcb3cd0000 - 0x00007ffcb3cdc000 	c:\Users\jimmy\.vscode\extensions\redhat.java-1.42.0-win32-x64\jre\21.0.7-win32-x86_64\bin\vcruntime140_1.dll
0x00007ffc81b10000 - 0x00007ffc81b9d000 	c:\Users\jimmy\.vscode\extensions\redhat.java-1.42.0-win32-x64\jre\21.0.7-win32-x86_64\bin\msvcp140.dll
0x00007ffc47b40000 - 0x00007ffc488d0000 	c:\Users\jimmy\.vscode\extensions\redhat.java-1.42.0-win32-x64\jre\21.0.7-win32-x86_64\bin\server\jvm.dll
0x00007ffccf8d0000 - 0x00007ffccf983000 	C:\Windows\System32\ADVAPI32.dll
0x00007ffccf2f0000 - 0x00007ffccf38f000 	C:\Windows\System32\sechost.dll
0x00007ffcd0750000 - 0x00007ffcd0876000 	C:\Windows\System32\RPCRT4.dll
0x00007ffcceb50000 - 0x00007ffcceb77000 	C:\Windows\System32\bcrypt.dll
0x00007ffcd02f0000 - 0x00007ffcd035b000 	C:\Windows\System32\WS2_32.dll
0x00007ffccdd10000 - 0x00007ffccdd5b000 	C:\Windows\SYSTEM32\POWRPROF.dll
0x00007ffcbb5f0000 - 0x00007ffcbb617000 	C:\Windows\SYSTEM32\WINMM.dll
0x00007ffcc7490000 - 0x00007ffcc749a000 	C:\Windows\SYSTEM32\VERSION.dll
0x00007ffccdb80000 - 0x00007ffccdb92000 	C:\Windows\SYSTEM32\UMPDC.dll
0x00007ffcccfb0000 - 0x00007ffcccfc2000 	C:\Windows\SYSTEM32\kernel.appcore.dll
0x00007ffcb3c70000 - 0x00007ffcb3c7a000 	c:\Users\jimmy\.vscode\extensions\redhat.java-1.42.0-win32-x64\jre\21.0.7-win32-x86_64\bin\jimage.dll
0x00007ffccccc0000 - 0x00007ffcccea4000 	C:\Windows\SYSTEM32\DBGHELP.DLL
0x00007ffcb35f0000 - 0x00007ffcb3624000 	C:\Windows\SYSTEM32\dbgcore.DLL
0x00007ffcced20000 - 0x00007ffcceda2000 	C:\Windows\System32\bcryptPrimitives.dll
0x00007ffcb22e0000 - 0x00007ffcb22ef000 	c:\Users\jimmy\.vscode\extensions\redhat.java-1.42.0-win32-x64\jre\21.0.7-win32-x86_64\bin\instrument.dll
0x00007ffc91740000 - 0x00007ffc9175f000 	c:\Users\jimmy\.vscode\extensions\redhat.java-1.42.0-win32-x64\jre\21.0.7-win32-x86_64\bin\java.dll
0x00007ffccfb30000 - 0x00007ffcd0275000 	C:\Windows\System32\SHELL32.dll
0x00007ffccc460000 - 0x00007ffcccbfb000 	C:\Windows\SYSTEM32\windows.storage.dll
0x00007ffccf450000 - 0x00007ffccf7a4000 	C:\Windows\System32\combase.dll
0x00007ffcce1a0000 - 0x00007ffcce1cd000 	C:\Windows\SYSTEM32\Wldp.dll
0x00007ffcd06a0000 - 0x00007ffcd074d000 	C:\Windows\System32\SHCORE.dll
0x00007ffccf7b0000 - 0x00007ffccf805000 	C:\Windows\System32\shlwapi.dll
0x00007ffcce6a0000 - 0x00007ffcce6c5000 	C:\Windows\SYSTEM32\profapi.dll
0x00007ffc87fb0000 - 0x00007ffc87fc8000 	c:\Users\jimmy\.vscode\extensions\redhat.java-1.42.0-win32-x64\jre\21.0.7-win32-x86_64\bin\zip.dll
0x00007ffcb2220000 - 0x00007ffcb2230000 	C:\Users\jimmy\.vscode\extensions\redhat.java-1.42.0-win32-x64\jre\21.0.7-win32-x86_64\bin\net.dll
0x00007ffcc4fe0000 - 0x00007ffcc50ea000 	C:\Windows\SYSTEM32\WINHTTP.dll
0x00007ffccdf00000 - 0x00007ffccdf6a000 	C:\Windows\system32\mswsock.dll
0x00007ffc86900000 - 0x00007ffc86916000 	C:\Users\jimmy\.vscode\extensions\redhat.java-1.42.0-win32-x64\jre\21.0.7-win32-x86_64\bin\nio.dll
0x00007ffcb1fd0000 - 0x00007ffcb1fe0000 	c:\Users\jimmy\.vscode\extensions\redhat.java-1.42.0-win32-x64\jre\21.0.7-win32-x86_64\bin\verify.dll
0x00007ffc81f80000 - 0x00007ffc81fc5000 	C:\Users\jimmy\AppData\Roaming\Code\User\globalStorage\redhat.java\1.42.0\config_ss_win\org.eclipse.equinox.launcher\org.eclipse.equinox.launcher.win32.win32.x86_64_1.2.1300.v20250331-1702\eclipse_11911.dll
0x00007ffccf1c0000 - 0x00007ffccf2eb000 	C:\Windows\System32\ole32.dll
0x00007ffcce0f0000 - 0x00007ffcce108000 	C:\Windows\SYSTEM32\CRYPTSP.dll
0x00007ffccd7c0000 - 0x00007ffccd7f4000 	C:\Windows\system32\rsaenh.dll
0x00007ffcce660000 - 0x00007ffcce68e000 	C:\Windows\SYSTEM32\USERENV.dll
0x00007ffcce110000 - 0x00007ffcce11c000 	C:\Windows\SYSTEM32\CRYPTBASE.dll
0x00007ffccdba0000 - 0x00007ffccdbdb000 	C:\Windows\SYSTEM32\IPHLPAPI.DLL
0x00007ffcd0690000 - 0x00007ffcd0698000 	C:\Windows\System32\NSI.dll
0x00007ffc4cd60000 - 0x00007ffc4cda9000 	C:\Users\jimmy\AppData\Local\Temp\jna-101129530\jna16320363949274461255.dll
0x00007ffccf810000 - 0x00007ffccf818000 	C:\Windows\System32\PSAPI.DLL
0x00007ffcc5970000 - 0x00007ffcc5987000 	C:\Windows\SYSTEM32\dhcpcsvc6.DLL
0x00007ffcc64c0000 - 0x00007ffcc64dd000 	C:\Windows\SYSTEM32\dhcpcsvc.DLL

dbghelp: loaded successfully - version: 4.0.5 - missing functions: none
symbol engine: initialized successfully - sym options: 0x614 - pdb path: .;c:\Users\jimmy\.vscode\extensions\redhat.java-1.42.0-win32-x64\jre\21.0.7-win32-x86_64\bin;C:\Windows\SYSTEM32;C:\Windows\WinSxS\amd64_microsoft.windows.common-controls_6595b64144ccf1df_6.0.19041.3636_none_60b6a03d71f818d5;c:\Users\jimmy\.vscode\extensions\redhat.java-1.42.0-win32-x64\jre\21.0.7-win32-x86_64\bin\server;C:\Users\jimmy\AppData\Roaming\Code\User\globalStorage\redhat.java\1.42.0\config_ss_win\org.eclipse.equinox.launcher\org.eclipse.equinox.launcher.win32.win32.x86_64_1.2.1300.v20250331-1702;C:\Users\jimmy\AppData\Local\Temp\jna-101129530

VM Arguments:
jvm_args: --add-modules=ALL-SYSTEM --add-opens=java.base/java.util=ALL-UNNAMED --add-opens=java.base/java.lang=ALL-UNNAMED --add-opens=java.base/sun.nio.fs=ALL-UNNAMED -Declipse.application=org.eclipse.jdt.ls.core.id1 -Dosgi.bundles.defaultStartLevel=4 -Declipse.product=org.eclipse.jdt.ls.core.product -Djava.import.generatesMetadataFilesAtProjectRoot=false -DDetectVMInstallationsJob.disabled=true -Dfile.encoding=utf8 -XX:+UseParallelGC -XX:GCTimeRatio=4 -XX:AdaptiveSizePolicyWeight=90 -Dsun.zip.disableMemoryMapping=true -Xmx1G -Xms100m -Xlog:disable -javaagent:c:\Users\jimmy\.vscode\extensions\redhat.java-1.42.0-win32-x64\lombok\lombok-1.18.36.jar 
java_command: c:\Users\jimmy\.vscode\extensions\redhat.java-1.42.0-win32-x64\server\plugins\org.eclipse.equinox.launcher_1.7.0.v20250424-1814.jar -configuration c:\Users\jimmy\AppData\Roaming\Code\User\globalStorage\redhat.java\1.42.0\config_ss_win -data c:\Users\jimmy\AppData\Roaming\Code\User\workspaceStorage\61b1dc7027269e0dc9cdc59d31b0aa0c\redhat.java\ss_ws --pipe=\\.\pipe\lsp-4b42adce26a159bc65fd0274ec6fa9c9-sock
java_class_path (initial): c:\Users\jimmy\.vscode\extensions\redhat.java-1.42.0-win32-x64\server\plugins\org.eclipse.equinox.launcher_1.7.0.v20250424-1814.jar
Launcher Type: SUN_STANDARD

[Global flags]
    uintx AdaptiveSizePolicyWeight                 = 90                                        {product} {command line}
     intx CICompilerCount                          = 4                                         {product} {ergonomic}
    uintx GCTimeRatio                              = 4                                         {product} {command line}
   size_t InitialHeapSize                          = 104857600                                 {product} {command line}
   size_t MaxHeapSize                              = 1073741824                                {product} {command line}
   size_t MaxNewSize                               = 357564416                                 {product} {ergonomic}
   size_t MinHeapDeltaBytes                        = 524288                                    {product} {ergonomic}
   size_t MinHeapSize                              = 104857600                                 {product} {command line}
   size_t NewSize                                  = 34603008                                  {product} {ergonomic}
    uintx NonNMethodCodeHeapSize                   = 5839372                                {pd product} {ergonomic}
    uintx NonProfiledCodeHeapSize                  = 122909434                              {pd product} {ergonomic}
   size_t OldSize                                  = 70254592                                  {product} {ergonomic}
    uintx ProfiledCodeHeapSize                     = 122909434                              {pd product} {ergonomic}
    uintx ReservedCodeCacheSize                    = 251658240                              {pd product} {ergonomic}
     bool SegmentedCodeCache                       = true                                      {product} {ergonomic}
   size_t SoftMaxHeapSize                          = 1073741824                             {manageable} {ergonomic}
     bool UseCompressedOops                        = true                           {product lp64_product} {ergonomic}
     bool UseLargePagesIndividualAllocation        = false                                  {pd product} {ergonomic}
     bool UseParallelGC                            = true                                      {product} {command line}

Logging:
Log output configuration:
 #0: stdout all=off uptime,level,tags foldmultilines=false
 #1: stderr all=off uptime,level,tags foldmultilines=false

Environment Variables:
JAVA_HOME=E:\JDK-17
PATH=E:\Unity\server;E:\Unity\client;E:\JDK-17\bin;C:\Program Files\Common Files\Oracle\Java\javapath;C:\Python312\Scripts\;C:\Python312\;F:\Scripts\;F:\;C:\windows\system32;C:\windows;C:\windows\System32\Wbem;C:\windows\System32\WindowsPowerShell\v1.0\;C:\windows\System32\OpenSSH\;C:\Program Files\NVIDIA Corporation\NVIDIA NvDLISR;C:\Windows\system32;C:\Windows;C:\Windows\System32\Wbem;C:\Windows\System32\WindowsPowerShell\v1.0\;C:\Windows\System32\OpenSSH\;C:\Program Files\Bandizip\;C:\Program Files (x86)\NVIDIA Corporation\PhysX\Common;C:\Program Files\Microsoft SQL Server\150\Tools\Binn\;C:\ProgramData\chocolatey\bin;D:\git\Git\cmd;C:\Program Files\dotnet\;E:\FullStackMaterial\nvm;E:\FullStackMaterial\nodejs;C:\Gradle\gradle-8.13\bin;E:\5347\;C:\Users\jimmy\AppData\Local\Microsoft\WindowsApps;C:\Program Files (x86)\Tencent\QQGameTempest\Hall.58183\;C:\Users\jimmy\AppData\Roaming\npm;C:\Users\jimmy\.dotnet\tools;E:\VS code\Microsoft VS Code\bin;E:\JDK-17\bin;E:\FullStackMaterial\nvm;E:\FullStackMaterial\nodejs
USERNAME=jimmy
OS=Windows_NT
PROCESSOR_IDENTIFIER=Intel64 Family 6 Model 165 Stepping 2, GenuineIntel
TMP=C:\Users\jimmy\AppData\Local\Temp
TEMP=C:\Users\jimmy\AppData\Local\Temp




Periodic native trim disabled

---------------  S Y S T E M  ---------------

OS:
 Windows 10 , 64 bit Build 19041 (10.0.19041.3636)
OS uptime: 0 days 0:21 hours

CPU: total 8 (initial active 8) (4 cores per cpu, 2 threads per core) family 6 model 165 stepping 2 microcode 0xf0, cx8, cmov, fxsr, ht, mmx, 3dnowpref, sse, sse2, sse3, ssse3, sse4.1, sse4.2, popcnt, lzcnt, tsc, tscinvbit, avx, avx2, aes, erms, clmul, bmi1, bmi2, adx, fma, vzeroupper, clflush, clflushopt, rdtscp, f16c, pku
Processor Information for the first 8 processors :
  Max Mhz: 2496, Current Mhz: 2496, Mhz Limit: 2496

Memory: 4k page, system-wide physical 7968M (254M free)
TotalPageFile size 11382M (AvailPageFile size 2M)
current process WorkingSet (physical memory assigned to process): 642M, peak: 646M
current process commit charge ("private bytes"): 943M, peak: 982M

vm_info: OpenJDK 64-Bit Server VM (21.0.7+6-LTS) for windows-amd64 JRE (21.0.7+6-LTS), built on 2025-04-15T00:00:00Z by "admin" with MS VC++ 17.7 (VS2022)

END.
