#
# There is insufficient memory for the Java Runtime Environment to continue.
# Native memory allocation (malloc) failed to allocate 820704 bytes. Error detail: Chunk::new
# Possible reasons:
#   The system is out of physical RAM or swap space
#   This process is running with CompressedOops enabled, and the Java Heap may be blocking the growth of the native heap
# Possible solutions:
#   Reduce memory load on the system
#   Increase physical memory or swap space
#   Check if swap backing store is full
#   Decrease Java heap size (-Xmx/-Xms)
#   Decrease number of Java threads
#   Decrease Java thread stack sizes (-Xss)
#   Set larger code cache with -XX:ReservedCodeCacheSize=
#   JVM is running with Unscaled Compressed Oops mode in which the Java heap is
#     placed in the first 4GB address space. The Java Heap base address is the
#     maximum limit for the native heap growth. Please use -XX:HeapBaseMinAddress
#     to set the Java Heap base and to place the Java Heap above 4GB virtual address.
# This output file may be truncated or incomplete.
#
#  Out of Memory Error (arena.cpp:168), pid=14648, tid=12576
#
# JRE version: OpenJDK Runtime Environment Temurin-21.0.7+6 (21.0.7+6) (build 21.0.7+6-LTS)
# Java VM: OpenJDK 64-Bit Server VM Temurin-21.0.7+6 (21.0.7+6-LTS, mixed mode, sharing, tiered, compressed oops, compressed class ptrs, parallel gc, windows-amd64)
# No core dump will be written. Minidumps are not enabled by default on client versions of Windows
#

---------------  S U M M A R Y ------------

Command Line: --add-modules=ALL-SYSTEM --add-opens=java.base/java.util=ALL-UNNAMED --add-opens=java.base/java.lang=ALL-UNNAMED --add-opens=java.base/sun.nio.fs=ALL-UNNAMED -Declipse.application=org.eclipse.jdt.ls.core.id1 -Dosgi.bundles.defaultStartLevel=4 -Declipse.product=org.eclipse.jdt.ls.core.product -Djava.import.generatesMetadataFilesAtProjectRoot=false -DDetectVMInstallationsJob.disabled=true -Dfile.encoding=utf8 -XX:+UseParallelGC -XX:GCTimeRatio=4 -XX:AdaptiveSizePolicyWeight=90 -Dsun.zip.disableMemoryMapping=true -Xmx1G -Xms100m -Xlog:disable -javaagent:c:\Users\jimmy\.vscode\extensions\redhat.java-1.42.0-win32-x64\lombok\lombok-1.18.36.jar -XX:+HeapDumpOnOutOfMemoryError -XX:HeapDumpPath=c:\Users\jimmy\AppData\Roaming\Code\User\workspaceStorage\61b1dc7027269e0dc9cdc59d31b0aa0c\redhat.java -Daether.dependencyCollector.impl=bf c:\Users\jimmy\.vscode\extensions\redhat.java-1.42.0-win32-x64\server\plugins\org.eclipse.equinox.launcher_1.7.0.v20250424-1814.jar -configuration c:\Users\jimmy\AppData\Roaming\Code\User\globalStorage\redhat.java\1.42.0\config_win -data c:\Users\jimmy\AppData\Roaming\Code\User\workspaceStorage\61b1dc7027269e0dc9cdc59d31b0aa0c\redhat.java\jdt_ws --pipe=\\.\pipe\lsp-48734fed9cca4ad27c9f6db7ed401116-sock

Host: Intel(R) Core(TM) i5-10300H CPU @ 2.50GHz, 8 cores, 7G,  Windows 10 , 64 bit Build 19041 (10.0.19041.3636)
Time: Sun May 25 09:44:13 2025  Windows 10 , 64 bit Build 19041 (10.0.19041.3636) elapsed time: 29.837964 seconds (0d 0h 0m 29s)

---------------  T H R E A D  ---------------

Current thread (0x000001eb60b5e800):  JavaThread "C2 CompilerThread0" daemon [_thread_in_native, id=12576, stack(0x000000df5a600000,0x000000df5a700000) (1024K)]


Current CompileTask:
C2:29838 16694       4       org.gradle.api.internal.classpath.DefaultModuleRegistry$DefaultModule::collectRequiredModules (99 bytes)

Stack: [0x000000df5a600000,0x000000df5a700000]
Native frames: (J=compiled Java code, j=interpreted, Vv=VM code, C=native code)
V  [jvm.dll+0x6ce119]
V  [jvm.dll+0x8a84a1]
V  [jvm.dll+0x8aa9ce]
V  [jvm.dll+0x8ab0b3]
V  [jvm.dll+0x27f8a6]
V  [jvm.dll+0xc507d]
V  [jvm.dll+0xc55b3]
V  [jvm.dll+0x3b692c]
V  [jvm.dll+0x1dfe33]
V  [jvm.dll+0x247c42]
V  [jvm.dll+0x2470cf]
V  [jvm.dll+0x1c760e]
V  [jvm.dll+0x25695a]
V  [jvm.dll+0x254efa]
V  [jvm.dll+0x3f03f6]
V  [jvm.dll+0x851f6b]
V  [jvm.dll+0x6cc7dd]
C  [ucrtbase.dll+0x21bb2]
C  [KERNEL32.DLL+0x17344]
C  [ntdll.dll+0x526b1]


---------------  P R O C E S S  ---------------

Threads class SMR info:
_java_thread_list=0x000001eb45adbdb0, length=63, elements={
0x000001eb4c7a1ef0, 0x000001eb60b533b0, 0x000001eb60b54a60, 0x000001eb60b583a0,
0x000001eb60b592b0, 0x000001eb60b5cf80, 0x000001eb60b5d9d0, 0x000001eb60b5e800,
0x000001eb60b9e4a0, 0x000001eb4c80e430, 0x000001eb62820490, 0x000001eb6762fe50,
0x000001eb6751eb60, 0x000001eb628a76a0, 0x000001eb67631430, 0x000001eb67e20140,
0x000001eb6763b340, 0x000001eb67c35a50, 0x000001eb67dce470, 0x000001eb67b9dba0,
0x000001eb67dcdde0, 0x000001eb67dcca30, 0x000001eb67dcd750, 0x000001eb67dcd0c0,
0x000001eb67dceb00, 0x000001eb67dcb680, 0x000001eb67dcbd10, 0x000001eb67dcc3a0,
0x000001eb6b5853a0, 0x000001eb6b58c9c0, 0x000001eb6b585a30, 0x000001eb6b589bd0,
0x000001eb6b588eb0, 0x000001eb6b58af80, 0x000001eb6b5860c0, 0x000001eb6b589540,
0x000001eb6b586750, 0x000001eb6b58b610, 0x000001eb6b586de0, 0x000001eb6b587b00,
0x000001eb6b58a260, 0x000001eb6b587470, 0x000001eb6b58c330, 0x000001eb6b588820,
0x000001eb6b588190, 0x000001eb6b58a8f0, 0x000001eb6b58bca0, 0x000001eb68f0baf0,
0x000001eb68f0c180, 0x000001eb68f09a20, 0x000001eb68f0cea0, 0x000001eb68f0b460,
0x000001eb68f0a0b0, 0x000001eb68f065a0, 0x000001eb68f0add0, 0x000001eb68f0c810,
0x000001eb68f0a740, 0x000001eb68f08670, 0x000001eb68f0d530, 0x000001eb68f07950,
0x000001eb68f0dbc0, 0x000001eb6bc50630, 0x000001eb6bc4ffa0
}

Java Threads: ( => current thread )
  0x000001eb4c7a1ef0 JavaThread "main"                              [_thread_blocked, id=9504, stack(0x000000df59c00000,0x000000df59d00000) (1024K)]
  0x000001eb60b533b0 JavaThread "Reference Handler"          daemon [_thread_blocked, id=15820, stack(0x000000df5a000000,0x000000df5a100000) (1024K)]
  0x000001eb60b54a60 JavaThread "Finalizer"                  daemon [_thread_blocked, id=1712, stack(0x000000df5a100000,0x000000df5a200000) (1024K)]
  0x000001eb60b583a0 JavaThread "Signal Dispatcher"          daemon [_thread_blocked, id=14484, stack(0x000000df5a200000,0x000000df5a300000) (1024K)]
  0x000001eb60b592b0 JavaThread "Attach Listener"            daemon [_thread_blocked, id=16728, stack(0x000000df5a300000,0x000000df5a400000) (1024K)]
  0x000001eb60b5cf80 JavaThread "Service Thread"             daemon [_thread_blocked, id=5796, stack(0x000000df5a400000,0x000000df5a500000) (1024K)]
  0x000001eb60b5d9d0 JavaThread "Monitor Deflation Thread"   daemon [_thread_blocked, id=15444, stack(0x000000df5a500000,0x000000df5a600000) (1024K)]
=>0x000001eb60b5e800 JavaThread "C2 CompilerThread0"         daemon [_thread_in_native, id=12576, stack(0x000000df5a600000,0x000000df5a700000) (1024K)]
  0x000001eb60b9e4a0 JavaThread "C1 CompilerThread0"         daemon [_thread_blocked, id=4528, stack(0x000000df5a700000,0x000000df5a800000) (1024K)]
  0x000001eb4c80e430 JavaThread "Common-Cleaner"             daemon [_thread_blocked, id=1512, stack(0x000000df5a800000,0x000000df5a900000) (1024K)]
  0x000001eb62820490 JavaThread "Notification Thread"        daemon [_thread_blocked, id=3696, stack(0x000000df5a900000,0x000000df5aa00000) (1024K)]
  0x000001eb6762fe50 JavaThread "Active Thread: Equinox Container: 167a721e-ea9b-44b0-bd48-cb526059450a"        [_thread_blocked, id=14744, stack(0x000000df5b200000,0x000000df5b300000) (1024K)]
  0x000001eb6751eb60 JavaThread "Refresh Thread: Equinox Container: 167a721e-ea9b-44b0-bd48-cb526059450a" daemon [_thread_blocked, id=7524, stack(0x000000df5b300000,0x000000df5b400000) (1024K)]
  0x000001eb628a76a0 JavaThread "Framework Event Dispatcher: Equinox Container: 167a721e-ea9b-44b0-bd48-cb526059450a" daemon [_thread_blocked, id=8472, stack(0x000000df5ab00000,0x000000df5ac00000) (1024K)]
  0x000001eb67631430 JavaThread "Start Level: Equinox Container: 167a721e-ea9b-44b0-bd48-cb526059450a" daemon [_thread_blocked, id=12428, stack(0x000000df5b500000,0x000000df5b600000) (1024K)]
  0x000001eb67e20140 JavaThread "Bundle File Closer"         daemon [_thread_blocked, id=10772, stack(0x000000df5b600000,0x000000df5b700000) (1024K)]
  0x000001eb6763b340 JavaThread "SCR Component Actor"        daemon [_thread_blocked, id=14432, stack(0x000000df5b700000,0x000000df5b800000) (1024K)]
  0x000001eb67c35a50 JavaThread "C2 CompilerThread1"         daemon [_thread_blocked, id=15480, stack(0x000000df5aa00000,0x000000df5ab00000) (1024K)]
  0x000001eb67dce470 JavaThread "Worker-JM"                         [_thread_blocked, id=11596, stack(0x000000df5b900000,0x000000df5ba00000) (1024K)]
  0x000001eb67b9dba0 JavaThread "C2 CompilerThread2"         daemon [_thread_blocked, id=12148, stack(0x000000df5ba00000,0x000000df5bb00000) (1024K)]
  0x000001eb67dcdde0 JavaThread "JNA Cleaner"                daemon [_thread_blocked, id=13084, stack(0x000000df5bb00000,0x000000df5bc00000) (1024K)]
  0x000001eb67dcca30 JavaThread "Worker-0"                          [_thread_blocked, id=9968, stack(0x000000df5bc00000,0x000000df5bd00000) (1024K)]
  0x000001eb67dcd750 JavaThread "Worker-1"                          [_thread_blocked, id=10744, stack(0x000000df5bd00000,0x000000df5be00000) (1024K)]
  0x000001eb67dcd0c0 JavaThread "Java indexing"              daemon [_thread_in_Java, id=13876, stack(0x000000df5be00000,0x000000df5bf00000) (1024K)]
  0x000001eb67dceb00 JavaThread "Worker-2: Initialize Workspace"        [_thread_blocked, id=9560, stack(0x000000df5bf00000,0x000000df5c000000) (1024K)]
  0x000001eb67dcb680 JavaThread "Worker-3: Java indexing... "        [_thread_blocked, id=7528, stack(0x000000df5c000000,0x000000df5c100000) (1024K)]
  0x000001eb67dcbd10 JavaThread "Thread-2"                   daemon [_thread_in_native, id=8076, stack(0x000000df5c100000,0x000000df5c200000) (1024K)]
  0x000001eb67dcc3a0 JavaThread "Thread-3"                   daemon [_thread_in_native, id=12656, stack(0x000000df5c200000,0x000000df5c300000) (1024K)]
  0x000001eb6b5853a0 JavaThread "Thread-4"                   daemon [_thread_in_native, id=9628, stack(0x000000df5c300000,0x000000df5c400000) (1024K)]
  0x000001eb6b58c9c0 JavaThread "Thread-5"                   daemon [_thread_in_native, id=12460, stack(0x000000df5c400000,0x000000df5c500000) (1024K)]
  0x000001eb6b585a30 JavaThread "Thread-6"                   daemon [_thread_in_native, id=17168, stack(0x000000df5c500000,0x000000df5c600000) (1024K)]
  0x000001eb6b589bd0 JavaThread "Thread-7"                   daemon [_thread_in_native, id=15040, stack(0x000000df5c600000,0x000000df5c700000) (1024K)]
  0x000001eb6b588eb0 JavaThread "Thread-8"                   daemon [_thread_in_native, id=13336, stack(0x000000df5c700000,0x000000df5c800000) (1024K)]
  0x000001eb6b58af80 JavaThread "Thread-9"                   daemon [_thread_in_native, id=10028, stack(0x000000df5c800000,0x000000df5c900000) (1024K)]
  0x000001eb6b5860c0 JavaThread "Thread-10"                  daemon [_thread_in_native, id=6340, stack(0x000000df5c900000,0x000000df5ca00000) (1024K)]
  0x000001eb6b589540 JavaThread "pool-2-thread-1"                   [_thread_blocked, id=8000, stack(0x000000df5ca00000,0x000000df5cb00000) (1024K)]
  0x000001eb6b586750 JavaThread "Worker-4"                          [_thread_blocked, id=7116, stack(0x000000df5cb00000,0x000000df5cc00000) (1024K)]
  0x000001eb6b58b610 JavaThread "WorkspaceEventsHandler"            [_thread_blocked, id=15124, stack(0x000000df5cc00000,0x000000df5cd00000) (1024K)]
  0x000001eb6b586de0 JavaThread "pool-1-thread-1"                   [_thread_blocked, id=8832, stack(0x000000df5cd00000,0x000000df5ce00000) (1024K)]
  0x000001eb6b587b00 JavaThread "Worker-5"                          [_thread_blocked, id=14088, stack(0x000000df5ce00000,0x000000df5cf00000) (1024K)]
  0x000001eb6b58a260 JavaThread "LocalFile Deleter"          daemon [_thread_blocked, id=3556, stack(0x000000df5b800000,0x000000df5b900000) (1024K)]
  0x000001eb6b587470 JavaThread "LocalFile Deleter"          daemon [_thread_blocked, id=6316, stack(0x000000df5cf00000,0x000000df5d000000) (1024K)]
  0x000001eb6b58c330 JavaThread "LocalFile Deleter"          daemon [_thread_blocked, id=11480, stack(0x000000df5d000000,0x000000df5d100000) (1024K)]
  0x000001eb6b588820 JavaThread "LocalFile Deleter"          daemon [_thread_blocked, id=3300, stack(0x000000df5d100000,0x000000df5d200000) (1024K)]
  0x000001eb6b588190 JavaThread "LocalFile Deleter"          daemon [_thread_blocked, id=6268, stack(0x000000df5d200000,0x000000df5d300000) (1024K)]
  0x000001eb6b58a8f0 JavaThread "LocalFile Deleter"          daemon [_thread_blocked, id=2040, stack(0x000000df5d300000,0x000000df5d400000) (1024K)]
  0x000001eb6b58bca0 JavaThread "LocalFile Deleter"          daemon [_thread_blocked, id=14168, stack(0x000000df5d400000,0x000000df5d500000) (1024K)]
  0x000001eb68f0baf0 JavaThread "LocalFile Deleter"          daemon [_thread_blocked, id=7444, stack(0x000000df5d500000,0x000000df5d600000) (1024K)]
  0x000001eb68f0c180 JavaThread "Compiler Source File Reader" daemon [_thread_blocked, id=3064, stack(0x000000df5d600000,0x000000df5d700000) (1024K)]
  0x000001eb68f09a20 JavaThread "Compiler Source File Reader" daemon [_thread_blocked, id=4004, stack(0x000000df5d700000,0x000000df5d800000) (1024K)]
  0x000001eb68f0cea0 JavaThread "Compiler Source File Reader" daemon [_thread_blocked, id=2008, stack(0x000000df5d800000,0x000000df5d900000) (1024K)]
  0x000001eb68f0b460 JavaThread "Compiler Source File Reader" daemon [_thread_blocked, id=7876, stack(0x000000df5d900000,0x000000df5da00000) (1024K)]
  0x000001eb68f0a0b0 JavaThread "Compiler Source File Reader" daemon [_thread_blocked, id=5644, stack(0x000000df5da00000,0x000000df5db00000) (1024K)]
  0x000001eb68f065a0 JavaThread "Compiler Source File Reader" daemon [_thread_blocked, id=6772, stack(0x000000df5db00000,0x000000df5dc00000) (1024K)]
  0x000001eb68f0add0 JavaThread "Compiler Processing Task"   daemon [_thread_blocked, id=3812, stack(0x000000df5dc00000,0x000000df5dd00000) (1024K)]
  0x000001eb68f0c810 JavaThread "Compiler Class File Writer" daemon [_thread_blocked, id=15576, stack(0x000000df5dd00000,0x000000df5de00000) (1024K)]
  0x000001eb68f0a740 JavaThread "Compiler Class File Writer" daemon [_thread_blocked, id=8468, stack(0x000000df5de00000,0x000000df5df00000) (1024K)]
  0x000001eb68f08670 JavaThread "Compiler Class File Writer" daemon [_thread_blocked, id=17252, stack(0x000000df5df00000,0x000000df5e000000) (1024K)]
  0x000001eb68f0d530 JavaThread "Compiler Class File Writer" daemon [_thread_blocked, id=2892, stack(0x000000df5e000000,0x000000df5e100000) (1024K)]
  0x000001eb68f07950 JavaThread "Compiler Class File Writer" daemon [_thread_blocked, id=6520, stack(0x000000df5e100000,0x000000df5e200000) (1024K)]
  0x000001eb68f0dbc0 JavaThread "Compiler Class File Writer" daemon [_thread_blocked, id=16088, stack(0x000000df5e200000,0x000000df5e300000) (1024K)]
  0x000001eb6bc50630 JavaThread "Timer-0"                           [_thread_blocked, id=15212, stack(0x000000df5e300000,0x000000df5e400000) (1024K)]
  0x000001eb6bc4ffa0 JavaThread "Connection worker"                 [_thread_in_vm, id=12632, stack(0x000000df5e400000,0x000000df5e500000) (1024K)]
Total: 63

Other Threads:
  0x000001eb60b41d90 VMThread "VM Thread"                           [id=16792, stack(0x000000df59f00000,0x000000df5a000000) (1024K)]
  0x000001eb4c80d7e0 WatcherThread "VM Periodic Task Thread"        [id=1236, stack(0x000000df59e00000,0x000000df59f00000) (1024K)]
  0x000001eb4c7bff90 WorkerThread "GC Thread#0"                     [id=16704, stack(0x000000df59d00000,0x000000df59e00000) (1024K)]
  0x000001eb6740f9d0 WorkerThread "GC Thread#1"                     [id=7788, stack(0x000000df5ac00000,0x000000df5ad00000) (1024K)]
  0x000001eb675c72d0 WorkerThread "GC Thread#2"                     [id=7804, stack(0x000000df5ad00000,0x000000df5ae00000) (1024K)]
  0x000001eb675c7670 WorkerThread "GC Thread#3"                     [id=15532, stack(0x000000df5ae00000,0x000000df5af00000) (1024K)]
  0x000001eb674fbf60 WorkerThread "GC Thread#4"                     [id=8764, stack(0x000000df5af00000,0x000000df5b000000) (1024K)]
  0x000001eb674fc300 WorkerThread "GC Thread#5"                     [id=10432, stack(0x000000df5b000000,0x000000df5b100000) (1024K)]
  0x000001eb674fc6a0 WorkerThread "GC Thread#6"                     [id=11016, stack(0x000000df5b100000,0x000000df5b200000) (1024K)]
  0x000001eb67650480 WorkerThread "GC Thread#7"                     [id=13964, stack(0x000000df5b400000,0x000000df5b500000) (1024K)]
Total: 10

Threads with active compile tasks:
C2 CompilerThread0  29877 16694       4       org.gradle.api.internal.classpath.DefaultModuleRegistry$DefaultModule::collectRequiredModules (99 bytes)
Total: 1

VM state: not at safepoint (normal execution)

VM Mutex/Monitor currently owned by a thread: None

Heap address: 0x00000000c0000000, size: 1024 MB, Compressed Oops mode: 32-bit

CDS archive(s) mapped at: [0x000001eb00000000-0x000001eb00ba0000-0x000001eb00ba0000), size 12189696, SharedBaseAddress: 0x000001eb00000000, ArchiveRelocationMode: 1.
Compressed class space mapped at: 0x000001eb01000000-0x000001eb41000000, reserved size: 1073741824
Narrow klass base: 0x000001eb00000000, Narrow klass shift: 0, Narrow klass range: 0x100000000

GC Precious Log:
 CardTable entry size: 512
 CPUs: 8 total, 8 available
 Memory: 7968M
 Large Page Support: Disabled
 NUMA Support: Disabled
 Compressed Oops: Enabled (32-bit)
 Alignments: Space 512K, Generation 512K, Heap 2M
 Heap Min Capacity: 100M
 Heap Initial Capacity: 100M
 Heap Max Capacity: 1G
 Pre-touch: Disabled
 Parallel Workers: 8

Heap:
 PSYoungGen      total 3584K, used 2410K [0x00000000eab00000, 0x00000000eaf80000, 0x0000000100000000)
  eden space 2560K, 69% used [0x00000000eab00000,0x00000000eacbe178,0x00000000ead80000)
  from space 1024K, 61% used [0x00000000eae80000,0x00000000eaf1c9b8,0x00000000eaf80000)
  to   space 1024K, 0% used [0x00000000ead80000,0x00000000ead80000,0x00000000eae80000)
 ParOldGen       total 670208K, used 669891K [0x00000000c0000000, 0x00000000e8e80000, 0x00000000eab00000)
  object space 670208K, 99% used [0x00000000c0000000,0x00000000e8e30ef8,0x00000000e8e80000)
 Metaspace       used 69345K, committed 70784K, reserved 1114112K
  class space    used 7085K, committed 7744K, reserved 1048576K

Card table byte_map: [0x000001eb4c150000,0x000001eb4c360000] _byte_map_base: 0x000001eb4bb50000

Marking Bits: (ParMarkBitMap*) 0x00007ffc487f31f0
 Begin Bits: [0x000001eb5e9a0000, 0x000001eb5f9a0000)
 End Bits:   [0x000001eb5f9a0000, 0x000001eb609a0000)

Polling page: 0x000001eb4a710000

Metaspace:

Usage:
  Non-class:     60.80 MB used.
      Class:      6.92 MB used.
       Both:     67.72 MB used.

Virtual space:
  Non-class space:       64.00 MB reserved,      61.56 MB ( 96%) committed,  1 nodes.
      Class space:        1.00 GB reserved,       7.56 MB ( <1%) committed,  1 nodes.
             Both:        1.06 GB reserved,      69.12 MB (  6%) committed. 

Chunk freelists:
   Non-Class:  1.75 MB
       Class:  8.44 MB
        Both:  10.19 MB

MaxMetaspaceSize: unlimited
CompressedClassSpaceSize: 1.00 GB
Initial GC threshold: 21.00 MB
Current GC threshold: 97.31 MB
CDS: on
 - commit_granule_bytes: 65536.
 - commit_granule_words: 8192.
 - virtual_space_node_default_size: 8388608.
 - enlarge_chunks_in_place: 1.
 - use_allocation_guard: 0.


Internal statistics:

num_allocs_failed_limit: 9.
num_arena_births: 1388.
num_arena_deaths: 14.
num_vsnodes_births: 2.
num_vsnodes_deaths: 0.
num_space_committed: 1106.
num_space_uncommitted: 0.
num_chunks_returned_to_freelist: 23.
num_chunks_taken_from_freelist: 4657.
num_chunk_merges: 13.
num_chunk_splits: 2897.
num_chunks_enlarged: 1734.
num_inconsistent_stats: 0.

CodeHeap 'non-profiled nmethods': size=120000Kb used=15004Kb max_used=15004Kb free=104995Kb
 bounds [0x000001eb57470000, 0x000001eb58320000, 0x000001eb5e9a0000]
CodeHeap 'profiled nmethods': size=120000Kb used=41493Kb max_used=41493Kb free=78506Kb
 bounds [0x000001eb4f9a0000, 0x000001eb52230000, 0x000001eb56ed0000]
CodeHeap 'non-nmethods': size=5760Kb used=1430Kb max_used=1684Kb free=4329Kb
 bounds [0x000001eb56ed0000, 0x000001eb57140000, 0x000001eb57470000]
 total_blobs=16604 nmethods=15861 adapters=646
 compilation: enabled
              stopped_count=0, restarted_count=0
 full_count=0

Compilation events (20 events):
Event: 29.754 Thread 0x000001eb67b9dba0 nmethod 16715 0x000001eb58305990 code [0x000001eb58305c00, 0x000001eb58306330]
Event: 29.754 Thread 0x000001eb67b9dba0 16717   !   4       org.eclipse.jdt.internal.core.search.indexing.AddJrtToIndex$JrtIndexer::visitFile (133 bytes)
Event: 29.760 Thread 0x000001eb67c35a50 nmethod 16714 0x000001eb58306b10 code [0x000001eb58306ea0, 0x000001eb58308288]
Event: 29.760 Thread 0x000001eb67c35a50 16716   !   4       jdk.internal.reflect.DirectConstructorHandleAccessor::newInstance (130 bytes)
Event: 29.765 Thread 0x000001eb67c35a50 nmethod 16716 0x000001eb58309290 code [0x000001eb583094c0, 0x000001eb583099d0]
Event: 29.768 Thread 0x000001eb67c35a50 16719       4       java.util.jar.JarFile::getVersionedEntry (133 bytes)
Event: 29.778 Thread 0x000001eb60b9e4a0 16720       3       org.gradle.internal.service.DefaultServiceRegistry$ClassInspector$ClassDetails::collectTypes (63 bytes)
Event: 29.778 Thread 0x000001eb60b9e4a0 nmethod 16720 0x000001eb5221df90 code [0x000001eb5221e1a0, 0x000001eb5221e648]
Event: 29.778 Thread 0x000001eb60b9e4a0 16722       3       org.gradle.internal.service.DefaultServiceRegistry::unwrap (75 bytes)
Event: 29.778 Thread 0x000001eb60b9e4a0 nmethod 16722 0x000001eb5221e890 code [0x000001eb5221eae0, 0x000001eb5221f848]
Event: 29.778 Thread 0x000001eb60b9e4a0 16721       1       org.gradle.internal.service.DefaultServiceRegistry$ClassInspector$ClassDetails::access$2900 (5 bytes)
Event: 29.778 Thread 0x000001eb60b9e4a0 nmethod 16721 0x000001eb58309f10 code [0x000001eb5830a0a0, 0x000001eb5830a150]
Event: 29.793 Thread 0x000001eb60b9e4a0 16726       3       org.gradle.util.internal.ArrayUtils::contains (79 bytes)
Event: 29.793 Thread 0x000001eb60b9e4a0 nmethod 16726 0x000001eb5221fa90 code [0x000001eb5221fc80, 0x000001eb522200c8]
Event: 29.794 Thread 0x000001eb67c35a50 nmethod 16719 0x000001eb5830a210 code [0x000001eb5830a420, 0x000001eb5830b220]
Event: 29.794 Thread 0x000001eb67c35a50 16724       4       jdk.internal.org.objectweb.asm.SymbolTable::addConstantUtf8Reference (101 bytes)
Event: 29.810 Thread 0x000001eb67c35a50 nmethod 16724 0x000001eb5830b710 code [0x000001eb5830b920, 0x000001eb5830c460]
Event: 29.810 Thread 0x000001eb67c35a50 16723       4       java.util.HashMap::putMapEntries (170 bytes)
Event: 29.817 Thread 0x000001eb60b9e4a0 16730       3       sun.reflect.generics.repository.AbstractRepository::getReifier (8 bytes)
Event: 29.817 Thread 0x000001eb60b9e4a0 nmethod 16730 0x000001eb52220290 code [0x000001eb52220440, 0x000001eb522206f0]

GC Heap History (20 events):
Event: 29.650 GC heap after
{Heap after GC invocations=854 (full 3):
 PSYoungGen      total 3584K, used 480K [0x00000000eab00000, 0x00000000eaf00000, 0x0000000100000000)
  eden space 3072K, 0% used [0x00000000eab00000,0x00000000eab00000,0x00000000eae00000)
  from space 512K, 93% used [0x00000000eae00000,0x00000000eae78000,0x00000000eae80000)
  to   space 512K, 0% used [0x00000000eae80000,0x00000000eae80000,0x00000000eaf00000)
 ParOldGen       total 664064K, used 663614K [0x00000000c0000000, 0x00000000e8880000, 0x00000000eab00000)
  object space 664064K, 99% used [0x00000000c0000000,0x00000000e880f810,0x00000000e8880000)
 Metaspace       used 68860K, committed 70400K, reserved 1114112K
  class space    used 6975K, committed 7680K, reserved 1048576K
}
Event: 29.664 GC heap before
{Heap before GC invocations=855 (full 3):
 PSYoungGen      total 3584K, used 3552K [0x00000000eab00000, 0x00000000eaf00000, 0x0000000100000000)
  eden space 3072K, 100% used [0x00000000eab00000,0x00000000eae00000,0x00000000eae00000)
  from space 512K, 93% used [0x00000000eae00000,0x00000000eae78000,0x00000000eae80000)
  to   space 512K, 0% used [0x00000000eae80000,0x00000000eae80000,0x00000000eaf00000)
 ParOldGen       total 664064K, used 663614K [0x00000000c0000000, 0x00000000e8880000, 0x00000000eab00000)
  object space 664064K, 99% used [0x00000000c0000000,0x00000000e880f810,0x00000000e8880000)
 Metaspace       used 68874K, committed 70400K, reserved 1114112K
  class space    used 6979K, committed 7680K, reserved 1048576K
}
Event: 29.666 GC heap after
{Heap after GC invocations=855 (full 3):
 PSYoungGen      total 3072K, used 512K [0x00000000eab00000, 0x00000000eb000000, 0x0000000100000000)
  eden space 2560K, 0% used [0x00000000eab00000,0x00000000eab00000,0x00000000ead80000)
  from space 512K, 100% used [0x00000000eae80000,0x00000000eaf00000,0x00000000eaf00000)
  to   space 1024K, 0% used [0x00000000ead80000,0x00000000ead80000,0x00000000eae80000)
 ParOldGen       total 664064K, used 663976K [0x00000000c0000000, 0x00000000e8880000, 0x00000000eab00000)
  object space 664064K, 99% used [0x00000000c0000000,0x00000000e886a1c0,0x00000000e8880000)
 Metaspace       used 68874K, committed 70400K, reserved 1114112K
  class space    used 6979K, committed 7680K, reserved 1048576K
}
Event: 29.681 GC heap before
{Heap before GC invocations=856 (full 3):
 PSYoungGen      total 3072K, used 3072K [0x00000000eab00000, 0x00000000eb000000, 0x0000000100000000)
  eden space 2560K, 100% used [0x00000000eab00000,0x00000000ead80000,0x00000000ead80000)
  from space 512K, 100% used [0x00000000eae80000,0x00000000eaf00000,0x00000000eaf00000)
  to   space 1024K, 0% used [0x00000000ead80000,0x00000000ead80000,0x00000000eae80000)
 ParOldGen       total 664064K, used 663976K [0x00000000c0000000, 0x00000000e8880000, 0x00000000eab00000)
  object space 664064K, 99% used [0x00000000c0000000,0x00000000e886a1c0,0x00000000e8880000)
 Metaspace       used 68884K, committed 70400K, reserved 1114112K
  class space    used 6983K, committed 7680K, reserved 1048576K
}
Event: 29.684 GC heap after
{Heap after GC invocations=856 (full 3):
 PSYoungGen      total 3584K, used 576K [0x00000000eab00000, 0x00000000eaf80000, 0x0000000100000000)
  eden space 2560K, 0% used [0x00000000eab00000,0x00000000eab00000,0x00000000ead80000)
  from space 1024K, 56% used [0x00000000ead80000,0x00000000eae10000,0x00000000eae80000)
  to   space 1024K, 0% used [0x00000000eae80000,0x00000000eae80000,0x00000000eaf80000)
 ParOldGen       total 664576K, used 664483K [0x00000000c0000000, 0x00000000e8900000, 0x00000000eab00000)
  object space 664576K, 99% used [0x00000000c0000000,0x00000000e88e8e80,0x00000000e8900000)
 Metaspace       used 68884K, committed 70400K, reserved 1114112K
  class space    used 6983K, committed 7680K, reserved 1048576K
}
Event: 29.700 GC heap before
{Heap before GC invocations=857 (full 3):
 PSYoungGen      total 3584K, used 3136K [0x00000000eab00000, 0x00000000eaf80000, 0x0000000100000000)
  eden space 2560K, 100% used [0x00000000eab00000,0x00000000ead80000,0x00000000ead80000)
  from space 1024K, 56% used [0x00000000ead80000,0x00000000eae10000,0x00000000eae80000)
  to   space 1024K, 0% used [0x00000000eae80000,0x00000000eae80000,0x00000000eaf80000)
 ParOldGen       total 664576K, used 664483K [0x00000000c0000000, 0x00000000e8900000, 0x00000000eab00000)
  object space 664576K, 99% used [0x00000000c0000000,0x00000000e88e8e80,0x00000000e8900000)
 Metaspace       used 68904K, committed 70400K, reserved 1114112K
  class space    used 6991K, committed 7680K, reserved 1048576K
}
Event: 29.702 GC heap after
{Heap after GC invocations=857 (full 3):
 PSYoungGen      total 3584K, used 602K [0x00000000eab00000, 0x00000000eaf80000, 0x0000000100000000)
  eden space 2560K, 0% used [0x00000000eab00000,0x00000000eab00000,0x00000000ead80000)
  from space 1024K, 58% used [0x00000000eae80000,0x00000000eaf16a48,0x00000000eaf80000)
  to   space 1024K, 0% used [0x00000000ead80000,0x00000000ead80000,0x00000000eae80000)
 ParOldGen       total 665088K, used 664972K [0x00000000c0000000, 0x00000000e8980000, 0x00000000eab00000)
  object space 665088K, 99% used [0x00000000c0000000,0x00000000e89630d0,0x00000000e8980000)
 Metaspace       used 68904K, committed 70400K, reserved 1114112K
  class space    used 6991K, committed 7680K, reserved 1048576K
}
Event: 29.716 GC heap before
{Heap before GC invocations=858 (full 3):
 PSYoungGen      total 3584K, used 3162K [0x00000000eab00000, 0x00000000eaf80000, 0x0000000100000000)
  eden space 2560K, 100% used [0x00000000eab00000,0x00000000ead80000,0x00000000ead80000)
  from space 1024K, 58% used [0x00000000eae80000,0x00000000eaf16a48,0x00000000eaf80000)
  to   space 1024K, 0% used [0x00000000ead80000,0x00000000ead80000,0x00000000eae80000)
 ParOldGen       total 665088K, used 664972K [0x00000000c0000000, 0x00000000e8980000, 0x00000000eab00000)
  object space 665088K, 99% used [0x00000000c0000000,0x00000000e89630d0,0x00000000e8980000)
 Metaspace       used 68913K, committed 70400K, reserved 1114112K
  class space    used 6994K, committed 7680K, reserved 1048576K
}
Event: 29.719 GC heap after
{Heap after GC invocations=858 (full 3):
 PSYoungGen      total 3584K, used 662K [0x00000000eab00000, 0x00000000eaf80000, 0x0000000100000000)
  eden space 2560K, 0% used [0x00000000eab00000,0x00000000eab00000,0x00000000ead80000)
  from space 1024K, 64% used [0x00000000ead80000,0x00000000eae25a18,0x00000000eae80000)
  to   space 1024K, 0% used [0x00000000eae80000,0x00000000eae80000,0x00000000eaf80000)
 ParOldGen       total 665600K, used 665419K [0x00000000c0000000, 0x00000000e8a00000, 0x00000000eab00000)
  object space 665600K, 99% used [0x00000000c0000000,0x00000000e89d2eb0,0x00000000e8a00000)
 Metaspace       used 68913K, committed 70400K, reserved 1114112K
  class space    used 6994K, committed 7680K, reserved 1048576K
}
Event: 29.731 GC heap before
{Heap before GC invocations=859 (full 3):
 PSYoungGen      total 3584K, used 3222K [0x00000000eab00000, 0x00000000eaf80000, 0x0000000100000000)
  eden space 2560K, 100% used [0x00000000eab00000,0x00000000ead80000,0x00000000ead80000)
  from space 1024K, 64% used [0x00000000ead80000,0x00000000eae25a18,0x00000000eae80000)
  to   space 1024K, 0% used [0x00000000eae80000,0x00000000eae80000,0x00000000eaf80000)
 ParOldGen       total 665600K, used 665419K [0x00000000c0000000, 0x00000000e8a00000, 0x00000000eab00000)
  object space 665600K, 99% used [0x00000000c0000000,0x00000000e89d2eb0,0x00000000e8a00000)
 Metaspace       used 68930K, committed 70400K, reserved 1114112K
  class space    used 6999K, committed 7680K, reserved 1048576K
}
Event: 29.733 GC heap after
{Heap after GC invocations=859 (full 3):
 PSYoungGen      total 3584K, used 608K [0x00000000eab00000, 0x00000000eaf80000, 0x0000000100000000)
  eden space 2560K, 0% used [0x00000000eab00000,0x00000000eab00000,0x00000000ead80000)
  from space 1024K, 59% used [0x00000000eae80000,0x00000000eaf18000,0x00000000eaf80000)
  to   space 1024K, 0% used [0x00000000ead80000,0x00000000ead80000,0x00000000eae80000)
 ParOldGen       total 666112K, used 665935K [0x00000000c0000000, 0x00000000e8a80000, 0x00000000eab00000)
  object space 666112K, 99% used [0x00000000c0000000,0x00000000e8a53d58,0x00000000e8a80000)
 Metaspace       used 68930K, committed 70400K, reserved 1114112K
  class space    used 6999K, committed 7680K, reserved 1048576K
}
Event: 29.742 GC heap before
{Heap before GC invocations=860 (full 3):
 PSYoungGen      total 3584K, used 3168K [0x00000000eab00000, 0x00000000eaf80000, 0x0000000100000000)
  eden space 2560K, 100% used [0x00000000eab00000,0x00000000ead80000,0x00000000ead80000)
  from space 1024K, 59% used [0x00000000eae80000,0x00000000eaf18000,0x00000000eaf80000)
  to   space 1024K, 0% used [0x00000000ead80000,0x00000000ead80000,0x00000000eae80000)
 ParOldGen       total 666112K, used 665935K [0x00000000c0000000, 0x00000000e8a80000, 0x00000000eab00000)
  object space 666112K, 99% used [0x00000000c0000000,0x00000000e8a53d58,0x00000000e8a80000)
 Metaspace       used 68954K, committed 70464K, reserved 1114112K
  class space    used 7004K, committed 7680K, reserved 1048576K
}
Event: 29.746 GC heap after
{Heap after GC invocations=860 (full 3):
 PSYoungGen      total 3584K, used 672K [0x00000000eab00000, 0x00000000eaf80000, 0x0000000100000000)
  eden space 2560K, 0% used [0x00000000eab00000,0x00000000eab00000,0x00000000ead80000)
  from space 1024K, 65% used [0x00000000ead80000,0x00000000eae28000,0x00000000eae80000)
  to   space 1024K, 0% used [0x00000000eae80000,0x00000000eae80000,0x00000000eaf80000)
 ParOldGen       total 666624K, used 666408K [0x00000000c0000000, 0x00000000e8b00000, 0x00000000eab00000)
  object space 666624K, 99% used [0x00000000c0000000,0x00000000e8aca098,0x00000000e8b00000)
 Metaspace       used 68954K, committed 70464K, reserved 1114112K
  class space    used 7004K, committed 7680K, reserved 1048576K
}
Event: 29.755 GC heap before
{Heap before GC invocations=861 (full 3):
 PSYoungGen      total 3584K, used 3232K [0x00000000eab00000, 0x00000000eaf80000, 0x0000000100000000)
  eden space 2560K, 100% used [0x00000000eab00000,0x00000000ead80000,0x00000000ead80000)
  from space 1024K, 65% used [0x00000000ead80000,0x00000000eae28000,0x00000000eae80000)
  to   space 1024K, 0% used [0x00000000eae80000,0x00000000eae80000,0x00000000eaf80000)
 ParOldGen       total 666624K, used 666408K [0x00000000c0000000, 0x00000000e8b00000, 0x00000000eab00000)
  object space 666624K, 99% used [0x00000000c0000000,0x00000000e8aca098,0x00000000e8b00000)
 Metaspace       used 68992K, committed 70464K, reserved 1114112K
  class space    used 7009K, committed 7680K, reserved 1048576K
}
Event: 29.758 GC heap after
{Heap after GC invocations=861 (full 3):
 PSYoungGen      total 3584K, used 689K [0x00000000eab00000, 0x00000000eaf80000, 0x0000000100000000)
  eden space 2560K, 0% used [0x00000000eab00000,0x00000000eab00000,0x00000000ead80000)
  from space 1024K, 67% used [0x00000000eae80000,0x00000000eaf2c518,0x00000000eaf80000)
  to   space 1024K, 0% used [0x00000000ead80000,0x00000000ead80000,0x00000000eae80000)
 ParOldGen       total 667136K, used 666972K [0x00000000c0000000, 0x00000000e8b80000, 0x00000000eab00000)
  object space 667136K, 99% used [0x00000000c0000000,0x00000000e8b57100,0x00000000e8b80000)
 Metaspace       used 68992K, committed 70464K, reserved 1114112K
  class space    used 7009K, committed 7680K, reserved 1048576K
}
Event: 29.774 GC heap before
{Heap before GC invocations=862 (full 3):
 PSYoungGen      total 3584K, used 3249K [0x00000000eab00000, 0x00000000eaf80000, 0x0000000100000000)
  eden space 2560K, 100% used [0x00000000eab00000,0x00000000ead80000,0x00000000ead80000)
  from space 1024K, 67% used [0x00000000eae80000,0x00000000eaf2c518,0x00000000eaf80000)
  to   space 1024K, 0% used [0x00000000ead80000,0x00000000ead80000,0x00000000eae80000)
 ParOldGen       total 667136K, used 666972K [0x00000000c0000000, 0x00000000e8b80000, 0x00000000eab00000)
  object space 667136K, 99% used [0x00000000c0000000,0x00000000e8b57100,0x00000000e8b80000)
 Metaspace       used 69034K, committed 70464K, reserved 1114112K
  class space    used 7027K, committed 7680K, reserved 1048576K
}
Event: 29.776 GC heap after
{Heap after GC invocations=862 (full 3):
 PSYoungGen      total 3584K, used 512K [0x00000000eab00000, 0x00000000eaf80000, 0x0000000100000000)
  eden space 2560K, 0% used [0x00000000eab00000,0x00000000eab00000,0x00000000ead80000)
  from space 1024K, 50% used [0x00000000ead80000,0x00000000eae00000,0x00000000eae80000)
  to   space 1024K, 0% used [0x00000000eae80000,0x00000000eae80000,0x00000000eaf80000)
 ParOldGen       total 667648K, used 667585K [0x00000000c0000000, 0x00000000e8c00000, 0x00000000eab00000)
  object space 667648K, 99% used [0x00000000c0000000,0x00000000e8bf0550,0x00000000e8c00000)
 Metaspace       used 69034K, committed 70464K, reserved 1114112K
  class space    used 7027K, committed 7680K, reserved 1048576K
}
Event: 29.796 GC heap before
{Heap before GC invocations=863 (full 3):
 PSYoungGen      total 3584K, used 3068K [0x00000000eab00000, 0x00000000eaf80000, 0x0000000100000000)
  eden space 2560K, 99% used [0x00000000eab00000,0x00000000ead7f3e0,0x00000000ead80000)
  from space 1024K, 50% used [0x00000000ead80000,0x00000000eae00000,0x00000000eae80000)
  to   space 1024K, 0% used [0x00000000eae80000,0x00000000eae80000,0x00000000eaf80000)
 ParOldGen       total 667648K, used 667585K [0x00000000c0000000, 0x00000000e8c00000, 0x00000000eab00000)
  object space 667648K, 99% used [0x00000000c0000000,0x00000000e8bf0550,0x00000000e8c00000)
 Metaspace       used 69086K, committed 70592K, reserved 1114112K
  class space    used 7038K, committed 7744K, reserved 1048576K
}
Event: 29.799 GC heap after
{Heap after GC invocations=863 (full 3):
 PSYoungGen      total 3584K, used 640K [0x00000000eab00000, 0x00000000eaf80000, 0x0000000100000000)
  eden space 2560K, 0% used [0x00000000eab00000,0x00000000eab00000,0x00000000ead80000)
  from space 1024K, 62% used [0x00000000eae80000,0x00000000eaf20000,0x00000000eaf80000)
  to   space 1024K, 0% used [0x00000000ead80000,0x00000000ead80000,0x00000000eae80000)
 ParOldGen       total 668160K, used 667981K [0x00000000c0000000, 0x00000000e8c80000, 0x00000000eab00000)
  object space 668160K, 99% used [0x00000000c0000000,0x00000000e8c537f8,0x00000000e8c80000)
 Metaspace       used 69086K, committed 70592K, reserved 1114112K
  class space    used 7038K, committed 7744K, reserved 1048576K
}
Event: 29.825 GC heap before
{Heap before GC invocations=864 (full 3):
 PSYoungGen      total 3584K, used 3200K [0x00000000eab00000, 0x00000000eaf80000, 0x0000000100000000)
  eden space 2560K, 100% used [0x00000000eab00000,0x00000000ead80000,0x00000000ead80000)
  from space 1024K, 62% used [0x00000000eae80000,0x00000000eaf20000,0x00000000eaf80000)
  to   space 1024K, 0% used [0x00000000ead80000,0x00000000ead80000,0x00000000eae80000)
 ParOldGen       total 668160K, used 667981K [0x00000000c0000000, 0x00000000e8c80000, 0x00000000eab00000)
  object space 668160K, 99% used [0x00000000c0000000,0x00000000e8c537f8,0x00000000e8c80000)
 Metaspace       used 69164K, committed 70656K, reserved 1114112K
  class space    used 7053K, committed 7744K, reserved 1048576K
}

Dll operation events (11 events):
Event: 0.012 Loaded shared library c:\Users\jimmy\.vscode\extensions\redhat.java-1.42.0-win32-x64\jre\21.0.7-win32-x86_64\bin\java.dll
Event: 0.049 Loaded shared library c:\Users\jimmy\.vscode\extensions\redhat.java-1.42.0-win32-x64\jre\21.0.7-win32-x86_64\bin\zip.dll
Event: 0.136 Loaded shared library C:\Users\jimmy\.vscode\extensions\redhat.java-1.42.0-win32-x64\jre\21.0.7-win32-x86_64\bin\instrument.dll
Event: 0.141 Loaded shared library C:\Users\jimmy\.vscode\extensions\redhat.java-1.42.0-win32-x64\jre\21.0.7-win32-x86_64\bin\net.dll
Event: 0.144 Loaded shared library C:\Users\jimmy\.vscode\extensions\redhat.java-1.42.0-win32-x64\jre\21.0.7-win32-x86_64\bin\nio.dll
Event: 0.148 Loaded shared library C:\Users\jimmy\.vscode\extensions\redhat.java-1.42.0-win32-x64\jre\21.0.7-win32-x86_64\bin\zip.dll
Event: 0.178 Loaded shared library C:\Users\jimmy\.vscode\extensions\redhat.java-1.42.0-win32-x64\jre\21.0.7-win32-x86_64\bin\jimage.dll
Event: 0.343 Loaded shared library c:\Users\jimmy\.vscode\extensions\redhat.java-1.42.0-win32-x64\jre\21.0.7-win32-x86_64\bin\verify.dll
Event: 1.911 Loaded shared library C:\Users\jimmy\AppData\Roaming\Code\User\globalStorage\redhat.java\1.42.0\config_win\org.eclipse.equinox.launcher\org.eclipse.equinox.launcher.win32.win32.x86_64_1.2.1300.v20250331-1702\eclipse_11911.dll
Event: 4.188 Loaded shared library C:\Users\jimmy\AppData\Local\Temp\jna-101129530\jna17417683208691125125.dll
Event: 28.447 Loaded shared library C:\Users\jimmy\.gradle\native\c067742578af261105cb4f569cf0c3c89f3d7b1fecec35dd04571415982c5e48\windows-amd64\native-platform.dll

Deoptimization events (20 events):
Event: 29.181 Thread 0x000001eb67dcd0c0 DEOPT PACKING pc=0x000001eb521a2d23 sp=0x000000df5befe680
Event: 29.181 Thread 0x000001eb67dcd0c0 DEOPT UNPACKING pc=0x000001eb56f24242 sp=0x000000df5befdbe8 mode 0
Event: 29.198 Thread 0x000001eb67dcd0c0 DEOPT PACKING pc=0x000001eb521a2ce5 sp=0x000000df5befe680
Event: 29.198 Thread 0x000001eb67dcd0c0 DEOPT UNPACKING pc=0x000001eb56f24242 sp=0x000000df5befdbe8 mode 0
Event: 29.211 Thread 0x000001eb67dcd0c0 DEOPT PACKING pc=0x000001eb521a2d23 sp=0x000000df5befe680
Event: 29.211 Thread 0x000001eb67dcd0c0 DEOPT UNPACKING pc=0x000001eb56f24242 sp=0x000000df5befdbe8 mode 0
Event: 29.231 Thread 0x000001eb67dcd0c0 DEOPT PACKING pc=0x000001eb521a2d23 sp=0x000000df5befe680
Event: 29.231 Thread 0x000001eb67dcd0c0 DEOPT UNPACKING pc=0x000001eb56f24242 sp=0x000000df5befdbe8 mode 0
Event: 29.253 Thread 0x000001eb67dcd0c0 DEOPT PACKING pc=0x000001eb521a2ce5 sp=0x000000df5befe680
Event: 29.253 Thread 0x000001eb67dcd0c0 DEOPT UNPACKING pc=0x000001eb56f24242 sp=0x000000df5befdbe8 mode 0
Event: 29.271 Thread 0x000001eb67dcd0c0 DEOPT PACKING pc=0x000001eb521a2ce5 sp=0x000000df5befe680
Event: 29.271 Thread 0x000001eb67dcd0c0 DEOPT UNPACKING pc=0x000001eb56f24242 sp=0x000000df5befdbe8 mode 0
Event: 29.624 Thread 0x000001eb6bc4ffa0 Uncommon trap: trap_request=0xffffff45 fr.pc=0x000001eb582b2424 relative=0x00000000000002c4
Event: 29.624 Thread 0x000001eb6bc4ffa0 Uncommon trap: reason=unstable_if action=reinterpret pc=0x000001eb582b2424 method=sun.nio.fs.WindowsPath.compareTo(Ljava/nio/file/Path;)I @ 76 c2
Event: 29.624 Thread 0x000001eb6bc4ffa0 DEOPT PACKING pc=0x000001eb582b2424 sp=0x000000df5e4fa9b0
Event: 29.624 Thread 0x000001eb6bc4ffa0 DEOPT UNPACKING pc=0x000001eb56f23aa2 sp=0x000000df5e4fa918 mode 2
Event: 29.716 Thread 0x000001eb67dcd0c0 DEOPT PACKING pc=0x000001eb5221938b sp=0x000000df5befe8e0
Event: 29.716 Thread 0x000001eb67dcd0c0 DEOPT UNPACKING pc=0x000001eb56f24242 sp=0x000000df5befddc8 mode 0
Event: 29.728 Thread 0x000001eb6bc4ffa0 DEOPT PACKING pc=0x000001eb4fc64f82 sp=0x000000df5e4fd530
Event: 29.728 Thread 0x000001eb6bc4ffa0 DEOPT UNPACKING pc=0x000001eb56f24242 sp=0x000000df5e4fc9b8 mode 0

Classes loaded (20 events):
Event: 27.642 Loading class java/nio/file/FileChannelLinesSpliterator
Event: 27.642 Loading class java/nio/file/FileChannelLinesSpliterator done
Event: 27.643 Loading class java/util/stream/Streams$1
Event: 27.643 Loading class java/util/stream/Streams$1 done
Event: 27.643 Loading class java/nio/file/FileChannelLinesSpliterator$1
Event: 27.643 Loading class java/nio/file/FileChannelLinesSpliterator$1 done
Event: 27.751 Loading class java/util/concurrent/CopyOnWriteArraySet
Event: 27.751 Loading class java/util/concurrent/CopyOnWriteArraySet done
Event: 27.862 Loading class java/net/HttpURLConnection
Event: 27.862 Loading class java/net/HttpURLConnection done
Event: 27.925 Loading class java/util/concurrent/ConcurrentHashMap$ValueSpliterator
Event: 27.926 Loading class java/util/concurrent/ConcurrentHashMap$ValueSpliterator done
Event: 27.928 Loading class jdk/internal/loader/BootLoader$PackageHelper
Event: 27.928 Loading class jdk/internal/loader/BootLoader$PackageHelper done
Event: 28.186 Loading class sun/nio/fs/WindowsFileCopy
Event: 28.186 Loading class sun/nio/fs/WindowsFileCopy done
Event: 28.422 Loading class java/lang/Class$EnclosingMethodInfo
Event: 28.422 Loading class java/lang/Class$EnclosingMethodInfo done
Event: 29.802 Loading class java/lang/FunctionalInterface
Event: 29.802 Loading class java/lang/FunctionalInterface done

Classes unloaded (7 events):
Event: 5.565 Thread 0x000001eb60b41d90 Unloading class 0x000001eb011a4800 'java/lang/invoke/LambdaForm$MH+0x000001eb011a4800'
Event: 5.565 Thread 0x000001eb60b41d90 Unloading class 0x000001eb011a4400 'java/lang/invoke/LambdaForm$MH+0x000001eb011a4400'
Event: 5.565 Thread 0x000001eb60b41d90 Unloading class 0x000001eb011a4000 'java/lang/invoke/LambdaForm$MH+0x000001eb011a4000'
Event: 5.565 Thread 0x000001eb60b41d90 Unloading class 0x000001eb011a3c00 'java/lang/invoke/LambdaForm$MH+0x000001eb011a3c00'
Event: 5.565 Thread 0x000001eb60b41d90 Unloading class 0x000001eb011a3800 'java/lang/invoke/LambdaForm$BMH+0x000001eb011a3800'
Event: 5.565 Thread 0x000001eb60b41d90 Unloading class 0x000001eb011a3400 'java/lang/invoke/LambdaForm$DMH+0x000001eb011a3400'
Event: 5.565 Thread 0x000001eb60b41d90 Unloading class 0x000001eb011a2400 'java/lang/invoke/LambdaForm$DMH+0x000001eb011a2400'

Classes redefined (0 events):
No events

Internal exceptions (20 events):
Event: 27.636 Thread 0x000001eb67dceb00 Exception <a 'sun/nio/fs/WindowsException'{0x00000000ead5d5a0}> (0x00000000ead5d5a0) 
thrown [s\src\hotspot\share\prims\jni.cpp, line 520]
Event: 27.636 Thread 0x000001eb67dceb00 Exception <a 'sun/nio/fs/WindowsException'{0x00000000ead5db60}> (0x00000000ead5db60) 
thrown [s\src\hotspot\share\prims\jni.cpp, line 520]
Event: 27.636 Thread 0x000001eb67dceb00 Exception <a 'sun/nio/fs/WindowsException'{0x00000000ead5e130}> (0x00000000ead5e130) 
thrown [s\src\hotspot\share\prims\jni.cpp, line 520]
Event: 27.636 Thread 0x000001eb67dceb00 Exception <a 'sun/nio/fs/WindowsException'{0x00000000ead62a78}> (0x00000000ead62a78) 
thrown [s\src\hotspot\share\prims\jni.cpp, line 520]
Event: 27.636 Thread 0x000001eb67dceb00 Exception <a 'sun/nio/fs/WindowsException'{0x00000000ead63068}> (0x00000000ead63068) 
thrown [s\src\hotspot\share\prims\jni.cpp, line 520]
Event: 27.636 Thread 0x000001eb67dceb00 Exception <a 'sun/nio/fs/WindowsException'{0x00000000ead63658}> (0x00000000ead63658) 
thrown [s\src\hotspot\share\prims\jni.cpp, line 520]
Event: 27.636 Thread 0x000001eb67dceb00 Exception <a 'sun/nio/fs/WindowsException'{0x00000000ead63c60}> (0x00000000ead63c60) 
thrown [s\src\hotspot\share\prims\jni.cpp, line 520]
Event: 27.637 Thread 0x000001eb67dceb00 Exception <a 'sun/nio/fs/WindowsException'{0x00000000ead68260}> (0x00000000ead68260) 
thrown [s\src\hotspot\share\prims\jni.cpp, line 520]
Event: 27.637 Thread 0x000001eb67dceb00 Exception <a 'sun/nio/fs/WindowsException'{0x00000000ead688b0}> (0x00000000ead688b0) 
thrown [s\src\hotspot\share\prims\jni.cpp, line 520]
Event: 27.637 Thread 0x000001eb67dceb00 Exception <a 'sun/nio/fs/WindowsException'{0x00000000ead68f00}> (0x00000000ead68f00) 
thrown [s\src\hotspot\share\prims\jni.cpp, line 520]
Event: 27.637 Thread 0x000001eb67dceb00 Exception <a 'sun/nio/fs/WindowsException'{0x00000000ead69568}> (0x00000000ead69568) 
thrown [s\src\hotspot\share\prims\jni.cpp, line 520]
Event: 27.753 Thread 0x000001eb67dceb00 Exception <a 'java/lang/NoSuchMethodError'{0x00000000eaea8a18}: 'java.lang.Object java.lang.invoke.DirectMethodHandle$Holder.invokeVirtual(java.lang.Object, java.lang.Object, java.lang.Object, java.lang.Object)'> (0x00000000eaea8a18) 
thrown [s\src\hotspot\share\interpreter\linkResolver.cpp, line 773]
Event: 27.756 Thread 0x000001eb67dceb00 Exception <a 'java/lang/NoSuchMethodError'{0x00000000eaecb2a0}: 'java.lang.Object java.lang.invoke.DirectMethodHandle$Holder.invokeVirtual(java.lang.Object, java.lang.Object, java.lang.Object, java.lang.Object, java.lang.Object)'> (0x00000000eaecb2a0) 
thrown [s\src\hotspot\share\interpreter\linkResolver.cpp, line 773]
Event: 28.187 Thread 0x000001eb67dcd0c0 Exception <a 'sun/nio/fs/WindowsException'{0x00000000eabfd770}> (0x00000000eabfd770) 
thrown [s\src\hotspot\share\prims\jni.cpp, line 520]
Event: 28.220 Thread 0x000001eb67dcd0c0 Exception <a 'sun/nio/fs/WindowsException'{0x00000000eac949f8}> (0x00000000eac949f8) 
thrown [s\src\hotspot\share\prims\jni.cpp, line 520]
Event: 28.551 Thread 0x000001eb67dcd0c0 Exception <a 'sun/nio/fs/WindowsException'{0x00000000eac95a98}> (0x00000000eac95a98) 
thrown [s\src\hotspot\share\prims\jni.cpp, line 520]
Event: 28.566 Thread 0x000001eb67dcd0c0 Exception <a 'sun/nio/fs/WindowsException'{0x00000000eadfa3b0}> (0x00000000eadfa3b0) 
thrown [s\src\hotspot\share\prims\jni.cpp, line 520]
Event: 28.610 Thread 0x000001eb67dcd0c0 Exception <a 'sun/nio/fs/WindowsException'{0x00000000ead58168}> (0x00000000ead58168) 
thrown [s\src\hotspot\share\prims\jni.cpp, line 520]
Event: 28.633 Thread 0x000001eb67dcd0c0 Exception <a 'sun/nio/fs/WindowsException'{0x00000000eab3e448}> (0x00000000eab3e448) 
thrown [s\src\hotspot\share\prims\jni.cpp, line 520]
Event: 28.775 Thread 0x000001eb67dcd0c0 Implicit null exception at 0x000001eb57bfe142 to 0x000001eb57c010e8

ZGC Phase Switch (0 events):
No events

VM Operations (20 events):
Event: 29.650 Executing VM operation: ParallelGCFailedAllocation (Allocation Failure) done
Event: 29.664 Executing VM operation: ParallelGCFailedAllocation (Allocation Failure)
Event: 29.666 Executing VM operation: ParallelGCFailedAllocation (Allocation Failure) done
Event: 29.681 Executing VM operation: ParallelGCFailedAllocation (Allocation Failure)
Event: 29.684 Executing VM operation: ParallelGCFailedAllocation (Allocation Failure) done
Event: 29.700 Executing VM operation: ParallelGCFailedAllocation (Allocation Failure)
Event: 29.703 Executing VM operation: ParallelGCFailedAllocation (Allocation Failure) done
Event: 29.716 Executing VM operation: ParallelGCFailedAllocation (Allocation Failure)
Event: 29.719 Executing VM operation: ParallelGCFailedAllocation (Allocation Failure) done
Event: 29.731 Executing VM operation: ParallelGCFailedAllocation (Allocation Failure)
Event: 29.733 Executing VM operation: ParallelGCFailedAllocation (Allocation Failure) done
Event: 29.742 Executing VM operation: ParallelGCFailedAllocation (Allocation Failure)
Event: 29.746 Executing VM operation: ParallelGCFailedAllocation (Allocation Failure) done
Event: 29.755 Executing VM operation: ParallelGCFailedAllocation (Allocation Failure)
Event: 29.758 Executing VM operation: ParallelGCFailedAllocation (Allocation Failure) done
Event: 29.774 Executing VM operation: ParallelGCFailedAllocation (Allocation Failure)
Event: 29.776 Executing VM operation: ParallelGCFailedAllocation (Allocation Failure) done
Event: 29.796 Executing VM operation: ParallelGCFailedAllocation (Allocation Failure)
Event: 29.799 Executing VM operation: ParallelGCFailedAllocation (Allocation Failure) done
Event: 29.825 Executing VM operation: ParallelGCFailedAllocation (Allocation Failure)

Memory protections (0 events):
No events

Nmethod flushes (20 events):
Event: 14.082 Thread 0x000001eb60b41d90 flushing  nmethod 0x000001eb502da710
Event: 14.082 Thread 0x000001eb60b41d90 flushing  nmethod 0x000001eb502dcf90
Event: 14.082 Thread 0x000001eb60b41d90 flushing  nmethod 0x000001eb502de810
Event: 14.082 Thread 0x000001eb60b41d90 flushing  nmethod 0x000001eb502df090
Event: 14.082 Thread 0x000001eb60b41d90 flushing  nmethod 0x000001eb502df790
Event: 14.082 Thread 0x000001eb60b41d90 flushing  nmethod 0x000001eb502dfd90
Event: 14.082 Thread 0x000001eb60b41d90 flushing  nmethod 0x000001eb502e2190
Event: 14.082 Thread 0x000001eb60b41d90 flushing  nmethod 0x000001eb50335d10
Event: 14.082 Thread 0x000001eb60b41d90 flushing  nmethod 0x000001eb50336a90
Event: 14.082 Thread 0x000001eb60b41d90 flushing  nmethod 0x000001eb50338110
Event: 14.082 Thread 0x000001eb60b41d90 flushing  nmethod 0x000001eb50338510
Event: 14.082 Thread 0x000001eb60b41d90 flushing  nmethod 0x000001eb50339a10
Event: 14.082 Thread 0x000001eb60b41d90 flushing  nmethod 0x000001eb5033b010
Event: 14.082 Thread 0x000001eb60b41d90 flushing  nmethod 0x000001eb5033c710
Event: 14.082 Thread 0x000001eb60b41d90 flushing  nmethod 0x000001eb50344310
Event: 14.082 Thread 0x000001eb60b41d90 flushing  nmethod 0x000001eb50344c10
Event: 14.082 Thread 0x000001eb60b41d90 flushing  nmethod 0x000001eb50344f90
Event: 14.082 Thread 0x000001eb60b41d90 flushing  nmethod 0x000001eb5034fa10
Event: 14.082 Thread 0x000001eb60b41d90 flushing  nmethod 0x000001eb50351190
Event: 14.082 Thread 0x000001eb60b41d90 flushing  nmethod 0x000001eb50395e10

Events (20 events):
Event: 11.721 Thread 0x000001eb6b588190 Thread added: 0x000001eb68f0baf0
Event: 11.869 Thread 0x000001eb67dcca30 Thread added: 0x000001eb68f0c180
Event: 11.869 Thread 0x000001eb67dcca30 Thread added: 0x000001eb68f09a20
Event: 11.869 Thread 0x000001eb67dcca30 Thread added: 0x000001eb68f0cea0
Event: 11.869 Thread 0x000001eb67dcca30 Thread added: 0x000001eb68f0b460
Event: 11.870 Thread 0x000001eb67dcca30 Thread added: 0x000001eb68f0a0b0
Event: 11.870 Thread 0x000001eb67dcca30 Thread added: 0x000001eb68f065a0
Event: 13.316 Thread 0x000001eb67dcca30 Thread added: 0x000001eb68f0add0
Event: 13.466 Thread 0x000001eb67dcca30 Thread added: 0x000001eb68f0c810
Event: 13.481 Thread 0x000001eb67dcca30 Thread added: 0x000001eb68f0a740
Event: 13.502 Thread 0x000001eb67dcca30 Thread added: 0x000001eb68f08670
Event: 13.557 Thread 0x000001eb67dcca30 Thread added: 0x000001eb68f0d530
Event: 13.567 Thread 0x000001eb67dcca30 Thread added: 0x000001eb68f07950
Event: 13.567 Thread 0x000001eb67dcca30 Thread added: 0x000001eb68f0dbc0
Event: 15.266 Thread 0x000001eb67dcca30 Thread added: 0x000001eb68f07fe0
Event: 15.314 Thread 0x000001eb67dcca30 Thread added: 0x000001eb68f09390
Event: 15.336 Thread 0x000001eb68f09390 Thread exited: 0x000001eb68f09390
Event: 15.336 Thread 0x000001eb68f07fe0 Thread exited: 0x000001eb68f07fe0
Event: 27.702 Thread 0x000001eb67dceb00 Thread added: 0x000001eb6bc50630
Event: 27.817 Thread 0x000001eb67dceb00 Thread added: 0x000001eb6bc4ffa0


Dynamic libraries:
0x00007ff7e55b0000 - 0x00007ff7e55be000 	c:\Users\jimmy\.vscode\extensions\redhat.java-1.42.0-win32-x64\jre\21.0.7-win32-x86_64\bin\java.exe
0x00007ffcd1110000 - 0x00007ffcd1308000 	C:\Windows\SYSTEM32\ntdll.dll
0x00007ffccf390000 - 0x00007ffccf44d000 	C:\Windows\System32\KERNEL32.DLL
0x00007ffccedb0000 - 0x00007ffccf0a6000 	C:\Windows\System32\KERNELBASE.dll
0x00007ffcceb80000 - 0x00007ffccec80000 	C:\Windows\System32\ucrtbase.dll
0x00007ffc9a740000 - 0x00007ffc9a758000 	c:\Users\jimmy\.vscode\extensions\redhat.java-1.42.0-win32-x64\jre\21.0.7-win32-x86_64\bin\jli.dll
0x00007ffc97950000 - 0x00007ffc9796e000 	c:\Users\jimmy\.vscode\extensions\redhat.java-1.42.0-win32-x64\jre\21.0.7-win32-x86_64\bin\VCRUNTIME140.dll
0x00007ffccf990000 - 0x00007ffccfb2e000 	C:\Windows\System32\USER32.dll
0x00007ffcce850000 - 0x00007ffcce872000 	C:\Windows\System32\win32u.dll
0x00007ffcb6b00000 - 0x00007ffcb6d9a000 	C:\Windows\WinSxS\amd64_microsoft.windows.common-controls_6595b64144ccf1df_6.0.19041.3636_none_60b6a03d71f818d5\COMCTL32.dll
0x00007ffcd04b0000 - 0x00007ffcd04dc000 	C:\Windows\System32\GDI32.dll
0x00007ffcd0f50000 - 0x00007ffcd0fee000 	C:\Windows\System32\msvcrt.dll
0x00007ffccea30000 - 0x00007ffcceb4a000 	C:\Windows\System32\gdi32full.dll
0x00007ffccec80000 - 0x00007ffcced1d000 	C:\Windows\System32\msvcp_win.dll
0x00007ffcd0880000 - 0x00007ffcd08b0000 	C:\Windows\System32\IMM32.DLL
0x00007ffcb3cd0000 - 0x00007ffcb3cdc000 	c:\Users\jimmy\.vscode\extensions\redhat.java-1.42.0-win32-x64\jre\21.0.7-win32-x86_64\bin\vcruntime140_1.dll
0x00007ffc81b10000 - 0x00007ffc81b9d000 	c:\Users\jimmy\.vscode\extensions\redhat.java-1.42.0-win32-x64\jre\21.0.7-win32-x86_64\bin\msvcp140.dll
0x00007ffc47b40000 - 0x00007ffc488d0000 	c:\Users\jimmy\.vscode\extensions\redhat.java-1.42.0-win32-x64\jre\21.0.7-win32-x86_64\bin\server\jvm.dll
0x00007ffccf8d0000 - 0x00007ffccf983000 	C:\Windows\System32\ADVAPI32.dll
0x00007ffccf2f0000 - 0x00007ffccf38f000 	C:\Windows\System32\sechost.dll
0x00007ffcd0750000 - 0x00007ffcd0876000 	C:\Windows\System32\RPCRT4.dll
0x00007ffcceb50000 - 0x00007ffcceb77000 	C:\Windows\System32\bcrypt.dll
0x00007ffcd02f0000 - 0x00007ffcd035b000 	C:\Windows\System32\WS2_32.dll
0x00007ffccdd10000 - 0x00007ffccdd5b000 	C:\Windows\SYSTEM32\POWRPROF.dll
0x00007ffcbb5f0000 - 0x00007ffcbb617000 	C:\Windows\SYSTEM32\WINMM.dll
0x00007ffcc7490000 - 0x00007ffcc749a000 	C:\Windows\SYSTEM32\VERSION.dll
0x00007ffccdb80000 - 0x00007ffccdb92000 	C:\Windows\SYSTEM32\UMPDC.dll
0x00007ffcccfb0000 - 0x00007ffcccfc2000 	C:\Windows\SYSTEM32\kernel.appcore.dll
0x00007ffcb3c70000 - 0x00007ffcb3c7a000 	c:\Users\jimmy\.vscode\extensions\redhat.java-1.42.0-win32-x64\jre\21.0.7-win32-x86_64\bin\jimage.dll
0x00007ffccccc0000 - 0x00007ffcccea4000 	C:\Windows\SYSTEM32\DBGHELP.DLL
0x00007ffcb35f0000 - 0x00007ffcb3624000 	C:\Windows\SYSTEM32\dbgcore.DLL
0x00007ffcced20000 - 0x00007ffcceda2000 	C:\Windows\System32\bcryptPrimitives.dll
0x00007ffcb22e0000 - 0x00007ffcb22ef000 	c:\Users\jimmy\.vscode\extensions\redhat.java-1.42.0-win32-x64\jre\21.0.7-win32-x86_64\bin\instrument.dll
0x00007ffc91740000 - 0x00007ffc9175f000 	c:\Users\jimmy\.vscode\extensions\redhat.java-1.42.0-win32-x64\jre\21.0.7-win32-x86_64\bin\java.dll
0x00007ffccfb30000 - 0x00007ffcd0275000 	C:\Windows\System32\SHELL32.dll
0x00007ffccc460000 - 0x00007ffcccbfb000 	C:\Windows\SYSTEM32\windows.storage.dll
0x00007ffccf450000 - 0x00007ffccf7a4000 	C:\Windows\System32\combase.dll
0x00007ffcce1a0000 - 0x00007ffcce1cd000 	C:\Windows\SYSTEM32\Wldp.dll
0x00007ffcd06a0000 - 0x00007ffcd074d000 	C:\Windows\System32\SHCORE.dll
0x00007ffccf7b0000 - 0x00007ffccf805000 	C:\Windows\System32\shlwapi.dll
0x00007ffcce6a0000 - 0x00007ffcce6c5000 	C:\Windows\SYSTEM32\profapi.dll
0x00007ffc87fb0000 - 0x00007ffc87fc8000 	c:\Users\jimmy\.vscode\extensions\redhat.java-1.42.0-win32-x64\jre\21.0.7-win32-x86_64\bin\zip.dll
0x00007ffcb2220000 - 0x00007ffcb2230000 	C:\Users\jimmy\.vscode\extensions\redhat.java-1.42.0-win32-x64\jre\21.0.7-win32-x86_64\bin\net.dll
0x00007ffcc4fe0000 - 0x00007ffcc50ea000 	C:\Windows\SYSTEM32\WINHTTP.dll
0x00007ffccdf00000 - 0x00007ffccdf6a000 	C:\Windows\system32\mswsock.dll
0x00007ffc86900000 - 0x00007ffc86916000 	C:\Users\jimmy\.vscode\extensions\redhat.java-1.42.0-win32-x64\jre\21.0.7-win32-x86_64\bin\nio.dll
0x00007ffcb1fd0000 - 0x00007ffcb1fe0000 	c:\Users\jimmy\.vscode\extensions\redhat.java-1.42.0-win32-x64\jre\21.0.7-win32-x86_64\bin\verify.dll
0x00007ffc782d0000 - 0x00007ffc78315000 	C:\Users\jimmy\AppData\Roaming\Code\User\globalStorage\redhat.java\1.42.0\config_win\org.eclipse.equinox.launcher\org.eclipse.equinox.launcher.win32.win32.x86_64_1.2.1300.v20250331-1702\eclipse_11911.dll
0x00007ffccf1c0000 - 0x00007ffccf2eb000 	C:\Windows\System32\ole32.dll
0x00007ffcce0f0000 - 0x00007ffcce108000 	C:\Windows\SYSTEM32\CRYPTSP.dll
0x00007ffccd7c0000 - 0x00007ffccd7f4000 	C:\Windows\system32\rsaenh.dll
0x00007ffcce660000 - 0x00007ffcce68e000 	C:\Windows\SYSTEM32\USERENV.dll
0x00007ffcce110000 - 0x00007ffcce11c000 	C:\Windows\SYSTEM32\CRYPTBASE.dll
0x00007ffccdba0000 - 0x00007ffccdbdb000 	C:\Windows\SYSTEM32\IPHLPAPI.DLL
0x00007ffcd0690000 - 0x00007ffcd0698000 	C:\Windows\System32\NSI.dll
0x00007ffc785b0000 - 0x00007ffc785f9000 	C:\Users\jimmy\AppData\Local\Temp\jna-101129530\jna17417683208691125125.dll
0x00007ffccf810000 - 0x00007ffccf818000 	C:\Windows\System32\PSAPI.DLL
0x00007ffcc5970000 - 0x00007ffcc5987000 	C:\Windows\SYSTEM32\dhcpcsvc6.DLL
0x00007ffcc64c0000 - 0x00007ffcc64dd000 	C:\Windows\SYSTEM32\dhcpcsvc.DLL
0x00007ffc91590000 - 0x00007ffc915b7000 	C:\Users\jimmy\.gradle\native\c067742578af261105cb4f569cf0c3c89f3d7b1fecec35dd04571415982c5e48\windows-amd64\native-platform.dll

dbghelp: loaded successfully - version: 4.0.5 - missing functions: none
symbol engine: initialized successfully - sym options: 0x614 - pdb path: .;c:\Users\jimmy\.vscode\extensions\redhat.java-1.42.0-win32-x64\jre\21.0.7-win32-x86_64\bin;C:\Windows\SYSTEM32;C:\Windows\WinSxS\amd64_microsoft.windows.common-controls_6595b64144ccf1df_6.0.19041.3636_none_60b6a03d71f818d5;c:\Users\jimmy\.vscode\extensions\redhat.java-1.42.0-win32-x64\jre\21.0.7-win32-x86_64\bin\server;C:\Users\jimmy\AppData\Roaming\Code\User\globalStorage\redhat.java\1.42.0\config_win\org.eclipse.equinox.launcher\org.eclipse.equinox.launcher.win32.win32.x86_64_1.2.1300.v20250331-1702;C:\Users\jimmy\AppData\Local\Temp\jna-101129530;C:\Users\jimmy\.gradle\native\c067742578af261105cb4f569cf0c3c89f3d7b1fecec35dd04571415982c5e48\windows-amd64

VM Arguments:
jvm_args: --add-modules=ALL-SYSTEM --add-opens=java.base/java.util=ALL-UNNAMED --add-opens=java.base/java.lang=ALL-UNNAMED --add-opens=java.base/sun.nio.fs=ALL-UNNAMED -Declipse.application=org.eclipse.jdt.ls.core.id1 -Dosgi.bundles.defaultStartLevel=4 -Declipse.product=org.eclipse.jdt.ls.core.product -Djava.import.generatesMetadataFilesAtProjectRoot=false -DDetectVMInstallationsJob.disabled=true -Dfile.encoding=utf8 -XX:+UseParallelGC -XX:GCTimeRatio=4 -XX:AdaptiveSizePolicyWeight=90 -Dsun.zip.disableMemoryMapping=true -Xmx1G -Xms100m -Xlog:disable -javaagent:c:\Users\jimmy\.vscode\extensions\redhat.java-1.42.0-win32-x64\lombok\lombok-1.18.36.jar -XX:+HeapDumpOnOutOfMemoryError -XX:HeapDumpPath=c:\Users\jimmy\AppData\Roaming\Code\User\workspaceStorage\61b1dc7027269e0dc9cdc59d31b0aa0c\redhat.java -Daether.dependencyCollector.impl=bf 
java_command: c:\Users\jimmy\.vscode\extensions\redhat.java-1.42.0-win32-x64\server\plugins\org.eclipse.equinox.launcher_1.7.0.v20250424-1814.jar -configuration c:\Users\jimmy\AppData\Roaming\Code\User\globalStorage\redhat.java\1.42.0\config_win -data c:\Users\jimmy\AppData\Roaming\Code\User\workspaceStorage\61b1dc7027269e0dc9cdc59d31b0aa0c\redhat.java\jdt_ws --pipe=\\.\pipe\lsp-48734fed9cca4ad27c9f6db7ed401116-sock
java_class_path (initial): c:\Users\jimmy\.vscode\extensions\redhat.java-1.42.0-win32-x64\server\plugins\org.eclipse.equinox.launcher_1.7.0.v20250424-1814.jar
Launcher Type: SUN_STANDARD

[Global flags]
    uintx AdaptiveSizePolicyWeight                 = 90                                        {product} {command line}
     intx CICompilerCount                          = 4                                         {product} {ergonomic}
    uintx GCTimeRatio                              = 4                                         {product} {command line}
     bool HeapDumpOnOutOfMemoryError               = true                                   {manageable} {command line}
    ccstr HeapDumpPath                             = c:\Users\jimmy\AppData\Roaming\Code\User\workspaceStorage\61b1dc7027269e0dc9cdc59d31b0aa0c\redhat.java         {manageable} {command line}
   size_t InitialHeapSize                          = 104857600                                 {product} {command line}
   size_t MaxHeapSize                              = 1073741824                                {product} {command line}
   size_t MaxNewSize                               = 357564416                                 {product} {ergonomic}
   size_t MinHeapDeltaBytes                        = 524288                                    {product} {ergonomic}
   size_t MinHeapSize                              = 104857600                                 {product} {command line}
   size_t NewSize                                  = 34603008                                  {product} {ergonomic}
    uintx NonNMethodCodeHeapSize                   = 5839372                                {pd product} {ergonomic}
    uintx NonProfiledCodeHeapSize                  = 122909434                              {pd product} {ergonomic}
   size_t OldSize                                  = 70254592                                  {product} {ergonomic}
    uintx ProfiledCodeHeapSize                     = 122909434                              {pd product} {ergonomic}
    uintx ReservedCodeCacheSize                    = 251658240                              {pd product} {ergonomic}
     bool SegmentedCodeCache                       = true                                      {product} {ergonomic}
   size_t SoftMaxHeapSize                          = 1073741824                             {manageable} {ergonomic}
     bool UseCompressedOops                        = true                           {product lp64_product} {ergonomic}
     bool UseLargePagesIndividualAllocation        = false                                  {pd product} {ergonomic}
     bool UseParallelGC                            = true                                      {product} {command line}

Logging:
Log output configuration:
 #0: stdout all=off uptime,level,tags foldmultilines=false
 #1: stderr all=off uptime,level,tags foldmultilines=false

Environment Variables:
JAVA_HOME=E:\JDK-17
PATH=E:\Unity\server;E:\Unity\client;E:\JDK-17\bin;C:\Program Files\Common Files\Oracle\Java\javapath;C:\Python312\Scripts\;C:\Python312\;F:\Scripts\;F:\;C:\windows\system32;C:\windows;C:\windows\System32\Wbem;C:\windows\System32\WindowsPowerShell\v1.0\;C:\windows\System32\OpenSSH\;C:\Program Files\NVIDIA Corporation\NVIDIA NvDLISR;C:\Windows\system32;C:\Windows;C:\Windows\System32\Wbem;C:\Windows\System32\WindowsPowerShell\v1.0\;C:\Windows\System32\OpenSSH\;C:\Program Files\Bandizip\;C:\Program Files (x86)\NVIDIA Corporation\PhysX\Common;C:\Program Files\Microsoft SQL Server\150\Tools\Binn\;C:\ProgramData\chocolatey\bin;D:\git\Git\cmd;C:\Program Files\dotnet\;E:\FullStackMaterial\nvm;E:\FullStackMaterial\nodejs;C:\Gradle\gradle-8.13\bin;E:\5347\;C:\Users\jimmy\AppData\Local\Microsoft\WindowsApps;C:\Program Files (x86)\Tencent\QQGameTempest\Hall.58183\;C:\Users\jimmy\AppData\Roaming\npm;C:\Users\jimmy\.dotnet\tools;E:\VS code\Microsoft VS Code\bin;E:\JDK-17\bin;E:\FullStackMaterial\nvm;E:\FullStackMaterial\nodejs
USERNAME=jimmy
OS=Windows_NT
PROCESSOR_IDENTIFIER=Intel64 Family 6 Model 165 Stepping 2, GenuineIntel
TMP=C:\Users\jimmy\AppData\Local\Temp
TEMP=C:\Users\jimmy\AppData\Local\Temp




Periodic native trim disabled

---------------  S Y S T E M  ---------------

OS:
 Windows 10 , 64 bit Build 19041 (10.0.19041.3636)
OS uptime: 0 days 0:12 hours

CPU: total 8 (initial active 8) (4 cores per cpu, 2 threads per core) family 6 model 165 stepping 2 microcode 0xf0, cx8, cmov, fxsr, ht, mmx, 3dnowpref, sse, sse2, sse3, ssse3, sse4.1, sse4.2, popcnt, lzcnt, tsc, tscinvbit, avx, avx2, aes, erms, clmul, bmi1, bmi2, adx, fma, vzeroupper, clflush, clflushopt, rdtscp, f16c, pku
Processor Information for the first 8 processors :
  Max Mhz: 2496, Current Mhz: 2496, Mhz Limit: 2496

Memory: 4k page, system-wide physical 7968M (183M free)
TotalPageFile size 10336M (AvailPageFile size 6M)
current process WorkingSet (physical memory assigned to process): 1001M, peak: 1001M
current process commit charge ("private bytes"): 1024M, peak: 1024M

vm_info: OpenJDK 64-Bit Server VM (21.0.7+6-LTS) for windows-amd64 JRE (21.0.7+6-LTS), built on 2025-04-15T00:00:00Z by "admin" with MS VC++ 17.7 (VS2022)

END.
